functions | assignGenericParameters | Step Value: 1.000000 MHz
functions | assignGenericParameters | Number of Steps (channels): 200
functions | assignGenericParameters | Sample Rate: 20000000 MHz
functions | assignGenericParameters | FFT size: 20
functions | assignGenericParameters | Samples per channel:
 5functions | assignFitsParameters | Filaname: TFM.fits
functions | Receiving measures and saving as a FITS file

||===Parameters FITS file===||
functions | assignFitsParameters | Freq min: 45
functions | assignFitsParameters | Freq max: 245
functions | assignFitsParameters | Step Value: 1.000000
functions | assignFitsParameters | Number of steps(X): 3600
functions | assignFitsParameters | Number of samples(Z) per frequency: 5
functions | assignFitsParameters | Number of total samples : 720000
hackrf_sweep | checkParams | Success
hackrf_sweep | initConfigHackRF | Success
hackrf_sweep | openFile | Success
hackrf_sweep | setBufOutFile | Success
hackrf_sweep | setHackRFParams | call hackrf_sample_rate_set(20.000 MHz)
setHackRFParams | call hackrf_baseband_filter_bandwidth_set(15.000 MHz)
hackrf_sweep | setHackRFParams | Success
hackrf_sweep | HackRF configuration DONE.
hackrf_sweep | calling configuration timer
timer | setTimerParams | Value interval: 250000 us
timer | setTimerParams | Success
hackrf_sweep | Start triggering 20 times
hackrf_sweep | ===SWEEPING STARTED===
Iteration 1 started
2022-11-15, 19:28:37.697034, 45000000, 50000000, 1000000.00, 20, -69.75, -76.22, -58.65, -57.15, -59.26
2022-11-15, 19:28:37.697034, 55000000, 60000000, 1000000.00, 20, -63.11, -60.75, -63.78, -58.41, -46.42
2022-11-15, 19:28:37.697034, 50000000, 55000000, 1000000.00, 20, -68.89, -66.33, -76.19, -62.18, -70.29
2022-11-15, 19:28:37.697034, 60000000, 65000000, 1000000.00, 20, -61.73, -61.21, -73.02, -61.55, -59.74
2022-11-15, 19:28:37.697034, 65000000, 70000000, 1000000.00, 20, -65.03, -60.00, -62.28, -64.17, -73.97
2022-11-15, 19:28:37.697034, 75000000, 80000000, 1000000.00, 20, -63.29, -69.30, -61.73, -67.15, -59.14
2022-11-15, 19:28:37.697034, 70000000, 75000000, 1000000.00, 20, -61.47, -63.97, -64.85, -62.88, -73.46
2022-11-15, 19:28:37.697034, 80000000, 85000000, 1000000.00, 20, -59.90, -62.40, -61.72, -62.60, -71.37
2022-11-15, 19:28:37.697034, 85000000, 90000000, 1000000.00, 20, -63.99, -66.08, -65.29, -61.92, -62.77
2022-11-15, 19:28:37.697034, 95000000, 100000000, 1000000.00, 20, -56.86, -73.99, -59.78, -60.60, -65.29
2022-11-15, 19:28:37.697034, 90000000, 95000000, 1000000.00, 20, -61.48, -58.42, -58.85, -64.35, -79.25
2022-11-15, 19:28:37.697034, 100000000, 105000000, 1000000.00, 20, -62.31, -65.96, -67.78, -70.50, -64.25
2022-11-15, 19:28:37.697034, 105000000, 110000000, 1000000.00, 20, -34.69, -45.79, -69.89, -61.20, -76.96
2022-11-15, 19:28:37.697034, 115000000, 120000000, 1000000.00, 20, -64.08, -65.01, -64.82, -57.94, -53.34
2022-11-15, 19:28:37.697034, 110000000, 115000000, 1000000.00, 20, -64.66, -62.85, -61.55, -65.00, -71.25
2022-11-15, 19:28:37.697034, 120000000, 125000000, 1000000.00, 20, -51.85, -56.82, -60.60, -63.29, -70.59
2022-11-15, 19:28:37.697034, 125000000, 130000000, 1000000.00, 20, -44.00, -44.46, -63.20, -52.25, -38.12
2022-11-15, 19:28:37.697034, 135000000, 140000000, 1000000.00, 20, -57.90, -60.20, -61.91, -53.49, -54.78
2022-11-15, 19:28:37.697034, 130000000, 135000000, 1000000.00, 20, -16.59, -28.86, -50.66, -42.25, -45.52
2022-11-15, 19:28:37.697034, 140000000, 145000000, 1000000.00, 20, -60.13, -60.41, -59.37, -58.09, -53.10
2022-11-15, 19:28:37.697034, 145000000, 150000000, 1000000.00, 20, -52.09, -47.57, -36.02, -18.38, -6.06
2022-11-15, 19:28:37.697034, 155000000, 160000000, 1000000.00, 20, -55.49, -58.23, -46.93, -30.78, -18.75
2022-11-15, 19:28:37.697034, 150000000, 155000000, 1000000.00, 20, -6.08, -18.13, -38.34, -45.17, -52.49
2022-11-15, 19:28:37.697034, 160000000, 165000000, 1000000.00, 20, -20.16, -33.18, -44.46, -60.93, -57.26
2022-11-15, 19:28:37.697034, 165000000, 170000000, 1000000.00, 20, -66.59, -64.54, -64.49, -61.36, -57.52
2022-11-15, 19:28:37.697034, 175000000, 180000000, 1000000.00, 20, -63.72, -63.68, -58.23, -59.90, -71.38
2022-11-15, 19:28:37.697034, 170000000, 175000000, 1000000.00, 20, -59.34, -64.30, -59.27, -64.51, -68.28
2022-11-15, 19:28:37.697034, 180000000, 185000000, 1000000.00, 20, -67.18, -76.87, -77.42, -68.21, -68.38
2022-11-15, 19:28:37.697034, 185000000, 190000000, 1000000.00, 20, -22.00, -21.29, -32.26, -53.72, -57.86
2022-11-15, 19:28:37.697034, 195000000, 200000000, 1000000.00, 20, -70.34, -68.85, -63.87, -65.36, -67.88
2022-11-15, 19:28:37.697034, 190000000, 195000000, 1000000.00, 20, -67.73, -62.08, -63.34, -63.17, -64.71
2022-11-15, 19:28:37.697034, 200000000, 205000000, 1000000.00, 20, -60.80, -53.01, -54.13, -55.76, -56.11
2022-11-15, 19:28:37.716769, 205000000, 210000000, 1000000.00, 20, -62.86, -50.71, -49.04, -56.46, -71.26
2022-11-15, 19:28:37.716769, 215000000, 220000000, 1000000.00, 20, -74.26, -63.83, -67.10, -62.51, -56.49
2022-11-15, 19:28:37.716769, 210000000, 215000000, 1000000.00, 20, -59.58, -65.49, -68.02, -64.37, -72.35
2022-11-15, 19:28:37.716769, 220000000, 225000000, 1000000.00, 20, -74.45, -73.20, -64.82, -59.51, -61.41
2022-11-15, 19:28:37.716769, 225000000, 230000000, 1000000.00, 20, -79.25, -69.11, -72.70, -58.78, -59.62
2022-11-15, 19:28:37.716769, 235000000, 240000000, 1000000.00, 20, -61.20, -60.19, -67.56, -77.39, -72.02
2022-11-15, 19:28:37.716769, 230000000, 235000000, 1000000.00, 20, -63.60, -61.41, -62.72, -61.60, -62.80
2022-11-15, 19:28:37.716769, 240000000, 245000000, 1000000.00, 20, -61.62, -68.53, -58.35, -60.72, -70.49
Iteration 1 Success
hackrf_sweep | ===SWEEPING DONE===
endConnection | hackrf_close() done
endConnection | hackrf_exit() done
hackrf_sweep | endConnection | Connection close with hackrf success
hackrf_sweep | initConfigHackRF | Success
hackrf_sweep | setHackRFParams | call hackrf_sample_rate_set(20.000 MHz)
setHackRFParams | call hackrf_baseband_filter_bandwidth_set(15.000 MHz)
hackrf_sweep | setHackRFParams | Success
hackrf_sweep | ===SWEEPING STARTED===
Iteration 2 started
2022-11-15, 19:28:38.002677, 45000000, 50000000, 1000000.00, 20, -61.35, -68.80, -68.69, -66.44, -65.79
2022-11-15, 19:28:38.002677, 55000000, 60000000, 1000000.00, 20, -59.21, -60.10, -59.01, -68.79, -47.79
2022-11-15, 19:28:38.002677, 50000000, 55000000, 1000000.00, 20, -64.03, -63.15, -64.70, -64.89, -71.91
2022-11-15, 19:28:38.002677, 60000000, 65000000, 1000000.00, 20, -73.64, -61.22, -61.59, -69.21, -66.96
2022-11-15, 19:28:38.002677, 65000000, 70000000, 1000000.00, 20, -59.72, -64.23, -67.05, -70.47, -66.14
2022-11-15, 19:28:38.002677, 75000000, 80000000, 1000000.00, 20, -64.93, -61.86, -67.11, -67.10, -59.45
2022-11-15, 19:28:38.002677, 70000000, 75000000, 1000000.00, 20, -67.29, -60.27, -60.58, -62.70, -61.87
2022-11-15, 19:28:38.002677, 80000000, 85000000, 1000000.00, 20, -61.06, -64.74, -64.12, -73.82, -64.68
2022-11-15, 19:28:38.002677, 85000000, 90000000, 1000000.00, 20, -68.48, -74.50, -63.50, -64.09, -74.33
2022-11-15, 19:28:38.002677, 95000000, 100000000, 1000000.00, 20, -56.75, -58.61, -58.05, -56.88, -69.23
2022-11-15, 19:28:38.002677, 90000000, 95000000, 1000000.00, 20, -59.50, -60.18, -60.06, -60.17, -68.31
2022-11-15, 19:28:38.002677, 100000000, 105000000, 1000000.00, 20, -61.36, -68.07, -82.39, -69.70, -65.33
2022-11-15, 19:28:38.002677, 105000000, 110000000, 1000000.00, 20, -35.42, -47.91, -57.35, -60.67, -57.19
2022-11-15, 19:28:38.002677, 115000000, 120000000, 1000000.00, 20, -71.23, -70.49, -69.84, -61.82, -56.67
2022-11-15, 19:28:38.002677, 110000000, 115000000, 1000000.00, 20, -66.62, -59.22, -62.68, -71.34, -61.99
2022-11-15, 19:28:38.002677, 120000000, 125000000, 1000000.00, 20, -51.25, -65.36, -60.74, -65.84, -74.14
2022-11-15, 19:28:38.002677, 125000000, 130000000, 1000000.00, 20, -43.51, -44.80, -56.94, -48.82, -37.99
2022-11-15, 19:28:38.002677, 135000000, 140000000, 1000000.00, 20, -60.71, -93.91, -77.35, -63.13, -65.27
2022-11-15, 19:28:38.002677, 130000000, 135000000, 1000000.00, 20, -16.72, -28.99, -44.93, -43.63, -43.49
2022-11-15, 19:28:38.002677, 140000000, 145000000, 1000000.00, 20, -64.90, -64.73, -69.04, -62.93, -56.39
2022-11-15, 19:28:38.002677, 145000000, 150000000, 1000000.00, 20, -48.45, -47.14, -36.72, -17.97, -5.81
2022-11-15, 19:28:38.002677, 155000000, 160000000, 1000000.00, 20, -50.39, -54.84, -44.48, -28.25, -15.81
2022-11-15, 19:28:38.002677, 150000000, 155000000, 1000000.00, 20, -6.12, -18.21, -36.91, -46.77, -51.72
2022-11-15, 19:28:38.002677, 160000000, 165000000, 1000000.00, 20, -21.63, -34.87, -48.41, -57.38, -57.60
2022-11-15, 19:28:38.002677, 165000000, 170000000, 1000000.00, 20, -58.66, -59.68, -59.64, -56.85, -55.04
2022-11-15, 19:28:38.002677, 175000000, 180000000, 1000000.00, 20, -61.14, -60.69, -62.74, -74.02, -74.59
2022-11-15, 19:28:38.002677, 170000000, 175000000, 1000000.00, 20, -73.61, -68.82, -66.80, -59.48, -59.98
2022-11-15, 19:28:38.002677, 180000000, 185000000, 1000000.00, 20, -60.14, -66.76, -72.64, -75.14, -64.57
2022-11-15, 19:28:38.002677, 185000000, 190000000, 1000000.00, 20, -22.08, -21.45, -32.77, -51.11, -59.78
2022-11-15, 19:28:38.002677, 195000000, 200000000, 1000000.00, 20, -64.62, -62.46, -61.91, -60.72, -73.86
2022-11-15, 19:28:38.002677, 190000000, 195000000, 1000000.00, 20, -68.51, -62.02, -59.58, -65.35, -65.73
2022-11-15, 19:28:38.002677, 200000000, 205000000, 1000000.00, 20, -59.03, -51.42, -50.58, -51.95, -54.17
2022-11-15, 19:28:38.022317, 205000000, 210000000, 1000000.00, 20, -57.17, -48.94, -47.41, -55.31, -65.06
2022-11-15, 19:28:38.022317, 215000000, 220000000, 1000000.00, 20, -61.44, -63.14, -66.25, -62.69, -64.80
2022-11-15, 19:28:38.022317, 210000000, 215000000, 1000000.00, 20, -61.63, -60.51, -59.66, -58.38, -60.20
2022-11-15, 19:28:38.022317, 220000000, 225000000, 1000000.00, 20, -64.86, -63.18, -59.18, -68.48, -66.36
2022-11-15, 19:28:38.022317, 225000000, 230000000, 1000000.00, 20, -61.55, -61.69, -65.33, -65.26, -62.55
2022-11-15, 19:28:38.022317, 235000000, 240000000, 1000000.00, 20, -67.43, -75.13, -60.07, -57.35, -62.74
2022-11-15, 19:28:38.022317, 230000000, 235000000, 1000000.00, 20, -64.82, -67.46, -68.86, -68.81, -74.94
2022-11-15, 19:28:38.022317, 240000000, 245000000, 1000000.00, 20, -62.16, -70.54, -71.92, -66.45, -59.73
Iteration 2 Success
hackrf_sweep | ===SWEEPING DONE===
endConnection | hackrf_close() done
endConnection | hackrf_exit() done
hackrf_sweep | endConnection | Connection close with hackrf success
hackrf_sweep | initConfigHackRF | Success
hackrf_sweep | setHackRFParams | call hackrf_sample_rate_set(20.000 MHz)
setHackRFParams | call hackrf_baseband_filter_bandwidth_set(15.000 MHz)
hackrf_sweep | setHackRFParams | Success
hackrf_sweep | ===SWEEPING STARTED===
Iteration 3 started
2022-11-15, 19:28:38.304227, 45000000, 50000000, 1000000.00, 20, -65.99, -62.31, -59.04, -64.19, -62.16
2022-11-15, 19:28:38.304227, 55000000, 60000000, 1000000.00, 20, -69.70, -75.71, -65.33, -54.30, -45.45
2022-11-15, 19:28:38.304227, 50000000, 55000000, 1000000.00, 20, -59.82, -62.29, -68.36, -65.78, -60.04
2022-11-15, 19:28:38.304227, 60000000, 65000000, 1000000.00, 20, -68.17, -65.22, -66.01, -65.87, -63.79
2022-11-15, 19:28:38.304227, 65000000, 70000000, 1000000.00, 20, -59.21, -68.21, -65.30, -78.86, -60.91
2022-11-15, 19:28:38.304227, 75000000, 80000000, 1000000.00, 20, -74.23, -81.30, -74.49, -62.49, -57.77
2022-11-15, 19:28:38.304227, 70000000, 75000000, 1000000.00, 20, -70.52, -70.27, -62.28, -62.61, -70.08
2022-11-15, 19:28:38.304227, 80000000, 85000000, 1000000.00, 20, -56.59, -64.53, -58.57, -57.23, -64.76
2022-11-15, 19:28:38.304227, 85000000, 90000000, 1000000.00, 20, -66.54, -64.68, -64.89, -64.21, -61.50
2022-11-15, 19:28:38.304227, 95000000, 100000000, 1000000.00, 20, -54.49, -59.83, -55.54, -58.31, -61.00
2022-11-15, 19:28:38.304227, 90000000, 95000000, 1000000.00, 20, -60.00, -72.24, -61.57, -59.93, -63.45
2022-11-15, 19:28:38.304227, 100000000, 105000000, 1000000.00, 20, -64.16, -80.56, -69.65, -63.20, -63.63
2022-11-15, 19:28:38.304227, 105000000, 110000000, 1000000.00, 20, -34.77, -44.83, -60.70, -63.33, -67.11
2022-11-15, 19:28:38.304227, 115000000, 120000000, 1000000.00, 20, -65.98, -60.96, -59.57, -56.30, -52.11
2022-11-15, 19:28:38.304227, 110000000, 115000000, 1000000.00, 20, -60.54, -68.93, -71.43, -67.15, -61.94
2022-11-15, 19:28:38.304227, 120000000, 125000000, 1000000.00, 20, -50.71, -61.82, -59.65, -57.90, -61.97
2022-11-15, 19:28:38.304227, 125000000, 130000000, 1000000.00, 20, -43.22, -43.77, -60.30, -49.44, -37.63
2022-11-15, 19:28:38.304227, 135000000, 140000000, 1000000.00, 20, -62.42, -66.57, -61.93, -58.35, -59.92
2022-11-15, 19:28:38.304227, 130000000, 135000000, 1000000.00, 20, -16.71, -29.07, -43.68, -42.82, -43.07
2022-11-15, 19:28:38.304227, 140000000, 145000000, 1000000.00, 20, -60.00, -61.38, -75.30, -61.84, -53.77
2022-11-15, 19:28:38.304227, 145000000, 150000000, 1000000.00, 20, -52.87, -45.86, -35.63, -17.70, -5.46
2022-11-15, 19:28:38.304227, 155000000, 160000000, 1000000.00, 20, -78.69, -55.33, -43.44, -25.36, -13.12
2022-11-15, 19:28:38.304227, 150000000, 155000000, 1000000.00, 20, -6.11, -18.26, -35.73, -47.96, -56.48
2022-11-15, 19:28:38.304227, 160000000, 165000000, 1000000.00, 20, -21.68, -34.52, -55.32, -55.30, -60.96
2022-11-15, 19:28:38.304227, 165000000, 170000000, 1000000.00, 20, -67.05, -65.85, -86.04, -67.95, -62.94
2022-11-15, 19:28:38.304227, 175000000, 180000000, 1000000.00, 20, -71.13, -63.94, -61.77, -64.11, -67.31
2022-11-15, 19:28:38.304227, 170000000, 175000000, 1000000.00, 20, -59.43, -61.84, -65.51, -60.87, -64.64
2022-11-15, 19:28:38.304227, 180000000, 185000000, 1000000.00, 20, -63.87, -68.63, -66.69, -64.33, -63.05
2022-11-15, 19:28:38.304227, 185000000, 190000000, 1000000.00, 20, -22.13, -21.47, -32.71, -51.80, -57.78
2022-11-15, 19:28:38.304227, 195000000, 200000000, 1000000.00, 20, -66.00, -70.47, -71.77, -62.24, -63.47
2022-11-15, 19:28:38.304227, 190000000, 195000000, 1000000.00, 20, -59.68, -62.93, -66.95, -66.14, -58.03
2022-11-15, 19:28:38.304227, 200000000, 205000000, 1000000.00, 20, -67.67, -54.96, -53.33, -57.46, -63.54
2022-11-15, 19:28:38.324041, 205000000, 210000000, 1000000.00, 20, -69.92, -50.53, -48.45, -58.64, -78.92
2022-11-15, 19:28:38.324041, 215000000, 220000000, 1000000.00, 20, -68.16, -63.60, -64.16, -57.95, -57.57
2022-11-15, 19:28:38.324041, 210000000, 215000000, 1000000.00, 20, -62.32, -67.89, -62.77, -59.06, -62.81
2022-11-15, 19:28:38.324041, 220000000, 225000000, 1000000.00, 20, -69.40, -68.58, -80.28, -68.86, -73.28
2022-11-15, 19:28:38.324041, 225000000, 230000000, 1000000.00, 20, -60.19, -61.42, -61.56, -65.64, -64.80
2022-11-15, 19:28:38.324041, 235000000, 240000000, 1000000.00, 20, -64.26, -64.83, -59.40, -57.82, -63.16
2022-11-15, 19:28:38.324041, 230000000, 235000000, 1000000.00, 20, -60.84, -57.70, -62.54, -66.37, -67.07
2022-11-15, 19:28:38.324041, 240000000, 245000000, 1000000.00, 20, -60.89, -67.00, -69.56, -67.91, -66.47
Iteration 3 Success
hackrf_sweep | ===SWEEPING DONE===
endConnection | hackrf_close() done
endConnection | hackrf_exit() done
hackrf_sweep | endConnection | Connection close with hackrf success
hackrf_sweep | initConfigHackRF | Success
hackrf_sweep | setHackRFParams | call hackrf_sample_rate_set(20.000 MHz)
setHackRFParams | call hackrf_baseband_filter_bandwidth_set(15.000 MHz)
hackrf_sweep | setHackRFParams | Success
hackrf_sweep | ===SWEEPING STARTED===
Iteration 4 started
2022-11-15, 19:28:38.608475, 45000000, 50000000, 1000000.00, 20, -68.76, -64.94, -59.12, -62.22, -65.91
2022-11-15, 19:28:38.608475, 55000000, 60000000, 1000000.00, 20, -63.30, -61.99, -74.85, -59.70, -47.53
2022-11-15, 19:28:38.608475, 50000000, 55000000, 1000000.00, 20, -56.16, -59.28, -62.84, -56.31, -55.37
2022-11-15, 19:28:38.608475, 60000000, 65000000, 1000000.00, 20, -63.86, -66.14, -65.80, -75.95, -67.59
2022-11-15, 19:28:38.608475, 65000000, 70000000, 1000000.00, 20, -62.72, -70.21, -79.96, -71.36, -66.60
2022-11-15, 19:28:38.608475, 75000000, 80000000, 1000000.00, 20, -62.69, -64.14, -60.46, -61.00, -61.61
2022-11-15, 19:28:38.608475, 70000000, 75000000, 1000000.00, 20, -72.35, -66.28, -73.72, -73.04, -66.00
2022-11-15, 19:28:38.608475, 80000000, 85000000, 1000000.00, 20, -57.24, -59.93, -60.83, -62.30, -69.48
2022-11-15, 19:28:38.608475, 85000000, 90000000, 1000000.00, 20, -64.31, -66.76, -68.09, -58.44, -59.29
2022-11-15, 19:28:38.608475, 95000000, 100000000, 1000000.00, 20, -52.39, -66.77, -55.59, -53.15, -61.25
2022-11-15, 19:28:38.608475, 90000000, 95000000, 1000000.00, 20, -55.93, -65.14, -62.31, -59.12, -71.28
2022-11-15, 19:28:38.608475, 100000000, 105000000, 1000000.00, 20, -68.75, -76.60, -71.43, -74.75, -70.50
2022-11-15, 19:28:38.608475, 105000000, 110000000, 1000000.00, 20, -34.71, -45.73, -66.01, -68.65, -74.61
2022-11-15, 19:28:38.608475, 115000000, 120000000, 1000000.00, 20, -65.65, -72.58, -63.40, -54.75, -50.55
2022-11-15, 19:28:38.608475, 110000000, 115000000, 1000000.00, 20, -67.98, -60.25, -65.86, -66.28, -65.33
2022-11-15, 19:28:38.608475, 120000000, 125000000, 1000000.00, 20, -48.53, -59.32, -63.60, -63.11, -59.85
2022-11-15, 19:28:38.608475, 125000000, 130000000, 1000000.00, 20, -43.28, -44.45, -59.26, -48.62, -37.72
2022-11-15, 19:28:38.608475, 135000000, 140000000, 1000000.00, 20, -68.38, -65.64, -61.18, -57.60, -58.48
2022-11-15, 19:28:38.608475, 130000000, 135000000, 1000000.00, 20, -16.61, -28.74, -55.23, -41.13, -44.95
2022-11-15, 19:28:38.608475, 140000000, 145000000, 1000000.00, 20, -66.62, -61.38, -56.18, -69.56, -56.92
2022-11-15, 19:28:38.608475, 145000000, 150000000, 1000000.00, 20, -58.31, -44.90, -36.31, -17.93, -5.67
2022-11-15, 19:28:38.608475, 155000000, 160000000, 1000000.00, 20, -58.16, -48.75, -47.68, -26.36, -14.38
2022-11-15, 19:28:38.608475, 150000000, 155000000, 1000000.00, 20, -6.10, -18.42, -35.11, -47.54, -54.31
2022-11-15, 19:28:38.608475, 160000000, 165000000, 1000000.00, 20, -20.13, -32.29, -50.21, -55.67, -54.79
2022-11-15, 19:28:38.608475, 165000000, 170000000, 1000000.00, 20, -60.20, -58.88, -62.24, -65.29, -59.03
2022-11-15, 19:28:38.608475, 175000000, 180000000, 1000000.00, 20, -62.27, -61.96, -75.20, -68.90, -67.19
2022-11-15, 19:28:38.608475, 170000000, 175000000, 1000000.00, 20, -70.18, -75.39, -72.48, -62.66, -62.47
2022-11-15, 19:28:38.608475, 180000000, 185000000, 1000000.00, 20, -79.05, -72.64, -68.80, -66.79, -57.92
2022-11-15, 19:28:38.608475, 185000000, 190000000, 1000000.00, 20, -22.05, -21.44, -32.74, -51.63, -68.96
2022-11-15, 19:28:38.608475, 195000000, 200000000, 1000000.00, 20, -63.02, -67.85, -85.81, -75.82, -70.03
2022-11-15, 19:28:38.608475, 190000000, 195000000, 1000000.00, 20, -64.53, -66.42, -60.51, -62.45, -62.45
2022-11-15, 19:28:38.608475, 200000000, 205000000, 1000000.00, 20, -58.79, -50.95, -52.16, -64.59, -56.84
2022-11-15, 19:28:38.628143, 205000000, 210000000, 1000000.00, 20, -65.08, -52.60, -49.13, -56.45, -61.34
2022-11-15, 19:28:38.628143, 215000000, 220000000, 1000000.00, 20, -61.99, -70.02, -65.68, -63.87, -55.65
2022-11-15, 19:28:38.628143, 210000000, 215000000, 1000000.00, 20, -60.33, -59.48, -62.32, -65.68, -61.90
2022-11-15, 19:28:38.628143, 220000000, 225000000, 1000000.00, 20, -59.16, -70.89, -68.81, -86.45, -80.59
2022-11-15, 19:28:38.628143, 225000000, 230000000, 1000000.00, 20, -57.65, -56.79, -56.87, -64.78, -66.57
2022-11-15, 19:28:38.628143, 235000000, 240000000, 1000000.00, 20, -71.63, -77.15, -80.36, -69.11, -71.18
2022-11-15, 19:28:38.628143, 230000000, 235000000, 1000000.00, 20, -58.32, -62.65, -74.77, -70.12, -66.74
2022-11-15, 19:28:38.628143, 240000000, 245000000, 1000000.00, 20, -67.94, -63.02, -59.64, -62.13, -74.04
Iteration 4 Success
hackrf_sweep | ===SWEEPING DONE===
endConnection | hackrf_close() done
endConnection | hackrf_exit() done
hackrf_sweep | endConnection | Connection close with hackrf success
hackrf_sweep | initConfigHackRF | Success
hackrf_sweep | setHackRFParams | call hackrf_sample_rate_set(20.000 MHz)
setHackRFParams | call hackrf_baseband_filter_bandwidth_set(15.000 MHz)
hackrf_sweep | setHackRFParams | Success
hackrf_sweep | ===SWEEPING STARTED===
Iteration 5 started
2022-11-15, 19:28:38.917903, 45000000, 50000000, 1000000.00, 20, -71.87, -67.05, -66.44, -78.26, -61.14
2022-11-15, 19:28:38.917903, 55000000, 60000000, 1000000.00, 20, -62.90, -63.97, -61.45, -63.16, -49.76
2022-11-15, 19:28:38.917903, 50000000, 55000000, 1000000.00, 20, -58.74, -70.46, -69.48, -74.91, -63.50
2022-11-15, 19:28:38.917903, 60000000, 65000000, 1000000.00, 20, -65.13, -62.31, -61.84, -58.06, -57.22
2022-11-15, 19:28:38.917903, 65000000, 70000000, 1000000.00, 20, -91.79, -68.13, -63.87, -70.98, -70.88
2022-11-15, 19:28:38.917903, 75000000, 80000000, 1000000.00, 20, -85.50, -67.77, -64.91, -61.85, -54.07
2022-11-15, 19:28:38.917903, 70000000, 75000000, 1000000.00, 20, -63.05, -65.99, -65.23, -65.03, -80.31
2022-11-15, 19:28:38.917903, 80000000, 85000000, 1000000.00, 20, -61.58, -59.75, -66.84, -63.70, -63.47
2022-11-15, 19:28:38.917903, 85000000, 90000000, 1000000.00, 20, -66.45, -61.70, -61.89, -74.10, -64.51
2022-11-15, 19:28:38.917903, 95000000, 100000000, 1000000.00, 20, -57.40, -73.24, -59.47, -56.03, -58.11
2022-11-15, 19:28:38.917903, 90000000, 95000000, 1000000.00, 20, -58.53, -65.60, -58.15, -59.18, -66.65
2022-11-15, 19:28:38.917903, 100000000, 105000000, 1000000.00, 20, -66.93, -74.69, -73.09, -67.02, -66.99
2022-11-15, 19:28:38.917903, 105000000, 110000000, 1000000.00, 20, -36.44, -47.50, -65.59, -68.73, -78.95
2022-11-15, 19:28:38.917903, 115000000, 120000000, 1000000.00, 20, -62.78, -71.18, -78.51, -67.62, -58.73
2022-11-15, 19:28:38.917903, 110000000, 115000000, 1000000.00, 20, -73.21, -73.71, -77.51, -71.13, -61.26
2022-11-15, 19:28:38.917903, 120000000, 125000000, 1000000.00, 20, -52.46, -56.43, -60.92, -61.14, -58.05
2022-11-15, 19:28:38.917903, 125000000, 130000000, 1000000.00, 20, -42.80, -42.92, -55.84, -49.81, -37.89
2022-11-15, 19:28:38.917903, 135000000, 140000000, 1000000.00, 20, -75.24, -83.65, -61.68, -55.39, -57.68
2022-11-15, 19:28:38.917903, 130000000, 135000000, 1000000.00, 20, -16.65, -28.71, -47.79, -42.44, -43.55
2022-11-15, 19:28:38.917903, 140000000, 145000000, 1000000.00, 20, -60.61, -65.02, -64.83, -61.41, -64.59
2022-11-15, 19:28:38.917903, 145000000, 150000000, 1000000.00, 20, -55.81, -46.34, -35.70, -17.71, -5.46
2022-11-15, 19:28:38.917903, 155000000, 160000000, 1000000.00, 20, -55.27, -52.13, -43.10, -25.35, -13.12
2022-11-15, 19:28:38.917903, 150000000, 155000000, 1000000.00, 20, -6.03, -18.31, -35.46, -44.13, -43.99
2022-11-15, 19:28:38.917903, 160000000, 165000000, 1000000.00, 20, -17.62, -29.95, -43.93, -52.45, -46.87
2022-11-15, 19:28:38.917903, 165000000, 170000000, 1000000.00, 20, -66.23, -62.50, -66.03, -65.05, -59.51
2022-11-15, 19:28:38.917903, 175000000, 180000000, 1000000.00, 20, -66.77, -64.71, -66.63, -70.14, -72.79
2022-11-15, 19:28:38.917903, 170000000, 175000000, 1000000.00, 20, -58.57, -62.30, -60.97, -59.53, -62.18
2022-11-15, 19:28:38.917903, 180000000, 185000000, 1000000.00, 20, -71.28, -67.69, -69.20, -64.34, -80.24
2022-11-15, 19:28:38.917903, 185000000, 190000000, 1000000.00, 20, -22.11, -21.46, -32.65, -50.37, -63.79
2022-11-15, 19:28:38.917903, 195000000, 200000000, 1000000.00, 20, -62.98, -71.63, -68.84, -63.14, -63.86
2022-11-15, 19:28:38.917903, 190000000, 195000000, 1000000.00, 20, -70.99, -62.21, -69.18, -68.60, -62.71
2022-11-15, 19:28:38.917903, 200000000, 205000000, 1000000.00, 20, -57.87, -51.60, -52.68, -56.82, -60.60
2022-11-15, 19:28:38.936911, 205000000, 210000000, 1000000.00, 20, -66.52, -51.53, -49.57, -58.44, -73.61
2022-11-15, 19:28:38.936911, 215000000, 220000000, 1000000.00, 20, -63.16, -64.47, -65.79, -64.55, -55.98
2022-11-15, 19:28:38.936911, 210000000, 215000000, 1000000.00, 20, -58.51, -69.28, -65.83, -69.03, -65.97
2022-11-15, 19:28:38.936911, 220000000, 225000000, 1000000.00, 20, -71.25, -73.29, -66.78, -65.63, -61.77
2022-11-15, 19:28:38.936911, 225000000, 230000000, 1000000.00, 20, -70.70, -69.51, -67.56, -79.54, -67.09
2022-11-15, 19:28:38.936911, 235000000, 240000000, 1000000.00, 20, -58.01, -62.39, -62.45, -60.31, -58.55
2022-11-15, 19:28:38.936911, 230000000, 235000000, 1000000.00, 20, -70.59, -69.17, -59.40, -61.66, -62.65
2022-11-15, 19:28:38.936911, 240000000, 245000000, 1000000.00, 20, -60.79, -69.73, -58.85, -58.07, -60.28
Iteration 5 Success
hackrf_sweep | ===SWEEPING DONE===
endConnection | hackrf_close() done
endConnection | hackrf_exit() done
hackrf_sweep | endConnection | Connection close with hackrf success
hackrf_sweep | initConfigHackRF | Success
hackrf_sweep | setHackRFParams | call hackrf_sample_rate_set(20.000 MHz)
setHackRFParams | call hackrf_baseband_filter_bandwidth_set(15.000 MHz)
hackrf_sweep | setHackRFParams | Success
hackrf_sweep | ===SWEEPING STARTED===
Iteration 6 started
2022-11-15, 19:28:39.221511, 45000000, 50000000, 1000000.00, 20, -63.65, -59.21, -62.26, -72.14, -58.53
2022-11-15, 19:28:39.221511, 55000000, 60000000, 1000000.00, 20, -60.71, -61.63, -60.10, -54.71, -44.99
2022-11-15, 19:28:39.221511, 50000000, 55000000, 1000000.00, 20, -62.11, -64.24, -71.10, -69.37, -74.20
2022-11-15, 19:28:39.221511, 60000000, 65000000, 1000000.00, 20, -60.34, -66.08, -68.82, -71.84, -64.86
2022-11-15, 19:28:39.221511, 65000000, 70000000, 1000000.00, 20, -62.06, -59.04, -59.47, -72.53, -88.42
2022-11-15, 19:28:39.221511, 75000000, 80000000, 1000000.00, 20, -63.98, -63.10, -64.93, -81.16, -57.10
2022-11-15, 19:28:39.221511, 70000000, 75000000, 1000000.00, 20, -59.58, -59.35, -63.30, -65.05, -64.36
2022-11-15, 19:28:39.221511, 80000000, 85000000, 1000000.00, 20, -62.46, -64.10, -80.77, -60.71, -62.06
2022-11-15, 19:28:39.221511, 85000000, 90000000, 1000000.00, 20, -59.63, -73.19, -65.21, -66.27, -64.61
2022-11-15, 19:28:39.221511, 95000000, 100000000, 1000000.00, 20, -54.86, -64.45, -54.62, -54.61, -62.73
2022-11-15, 19:28:39.221511, 90000000, 95000000, 1000000.00, 20, -63.96, -74.78, -65.07, -68.88, -67.73
2022-11-15, 19:28:39.221511, 100000000, 105000000, 1000000.00, 20, -66.00, -75.24, -67.23, -67.68, -68.70
2022-11-15, 19:28:39.221511, 105000000, 110000000, 1000000.00, 20, -36.13, -47.70, -70.72, -60.06, -63.66
2022-11-15, 19:28:39.221511, 115000000, 120000000, 1000000.00, 20, -61.87, -62.36, -64.95, -62.82, -57.21
2022-11-15, 19:28:39.221511, 110000000, 115000000, 1000000.00, 20, -70.38, -67.59, -65.60, -72.90, -61.74
2022-11-15, 19:28:39.221511, 120000000, 125000000, 1000000.00, 20, -53.52, -67.78, -64.87, -73.78, -61.58
2022-11-15, 19:28:39.221511, 125000000, 130000000, 1000000.00, 20, -44.58, -45.25, -58.70, -50.06, -38.07
2022-11-15, 19:28:39.221511, 135000000, 140000000, 1000000.00, 20, -64.18, -76.22, -59.42, -55.19, -58.35
2022-11-15, 19:28:39.221511, 130000000, 135000000, 1000000.00, 20, -16.66, -28.82, -43.60, -44.45, -42.97
2022-11-15, 19:28:39.221511, 140000000, 145000000, 1000000.00, 20, -59.63, -75.49, -70.35, -67.36, -59.97
2022-11-15, 19:28:39.221511, 145000000, 150000000, 1000000.00, 20, -56.19, -44.84, -37.06, -18.16, -6.04
2022-11-15, 19:28:39.221511, 155000000, 160000000, 1000000.00, 20, -53.61, -52.74, -47.85, -31.92, -19.29
2022-11-15, 19:28:39.221511, 150000000, 155000000, 1000000.00, 20, -6.02, -18.28, -35.52, -46.40, -42.70
2022-11-15, 19:28:39.221511, 160000000, 165000000, 1000000.00, 20, -18.22, -30.42, -44.53, -51.88, -45.80
2022-11-15, 19:28:39.221511, 165000000, 170000000, 1000000.00, 20, -57.88, -67.21, -64.13, -74.01, -64.87
2022-11-15, 19:28:39.221511, 175000000, 180000000, 1000000.00, 20, -64.88, -68.38, -62.91, -61.52, -63.28
2022-11-15, 19:28:39.221511, 170000000, 175000000, 1000000.00, 20, -54.78, -56.62, -67.89, -70.11, -65.99
2022-11-15, 19:28:39.221511, 180000000, 185000000, 1000000.00, 20, -66.39, -64.30, -68.72, -69.96, -83.47
2022-11-15, 19:28:39.221511, 185000000, 190000000, 1000000.00, 20, -22.05, -21.42, -32.46, -54.26, -59.23
2022-11-15, 19:28:39.221511, 195000000, 200000000, 1000000.00, 20, -66.91, -66.69, -65.29, -68.21, -63.93
2022-11-15, 19:28:39.221511, 190000000, 195000000, 1000000.00, 20, -57.80, -59.39, -73.49, -63.46, -65.03
2022-11-15, 19:28:39.221511, 200000000, 205000000, 1000000.00, 20, -76.62, -56.53, -53.63, -53.56, -53.38
2022-11-15, 19:28:39.240407, 205000000, 210000000, 1000000.00, 20, -73.02, -50.90, -48.36, -56.38, -63.92
2022-11-15, 19:28:39.240407, 215000000, 220000000, 1000000.00, 20, -68.33, -59.93, -58.62, -65.88, -64.33
2022-11-15, 19:28:39.240407, 210000000, 215000000, 1000000.00, 20, -65.75, -63.90, -56.93, -58.65, -62.72
2022-11-15, 19:28:39.240407, 220000000, 225000000, 1000000.00, 20, -61.93, -62.03, -58.90, -59.24, -68.88
2022-11-15, 19:28:39.240407, 225000000, 230000000, 1000000.00, 20, -71.54, -64.58, -59.34, -60.79, -71.47
2022-11-15, 19:28:39.240407, 235000000, 240000000, 1000000.00, 20, -68.10, -60.32, -66.85, -72.31, -68.20
2022-11-15, 19:28:39.240407, 230000000, 235000000, 1000000.00, 20, -64.66, -58.38, -58.62, -61.48, -69.85
2022-11-15, 19:28:39.240407, 240000000, 245000000, 1000000.00, 20, -61.95, -67.10, -62.42, -62.37, -75.75
Iteration 6 Success
hackrf_sweep | ===SWEEPING DONE===
endConnection | hackrf_close() done
endConnection | hackrf_exit() done
hackrf_sweep | endConnection | Connection close with hackrf success
hackrf_sweep | initConfigHackRF | Success
hackrf_sweep | setHackRFParams | call hackrf_sample_rate_set(20.000 MHz)
setHackRFParams | call hackrf_baseband_filter_bandwidth_set(15.000 MHz)
hackrf_sweep | setHackRFParams | Success
hackrf_sweep | ===SWEEPING STARTED===
Iteration 7 started
2022-11-15, 19:28:39.522584, 45000000, 50000000, 1000000.00, 20, -55.87, -58.02, -57.83, -57.05, -61.09
2022-11-15, 19:28:39.522584, 55000000, 60000000, 1000000.00, 20, -72.41, -65.29, -65.37, -55.97, -44.73
2022-11-15, 19:28:39.522584, 50000000, 55000000, 1000000.00, 20, -69.85, -64.76, -62.95, -68.25, -91.66
2022-11-15, 19:28:39.522584, 60000000, 65000000, 1000000.00, 20, -61.64, -66.58, -76.87, -69.47, -64.30
2022-11-15, 19:28:39.522584, 65000000, 70000000, 1000000.00, 20, -63.34, -60.88, -60.32, -63.43, -68.17
2022-11-15, 19:28:39.522584, 75000000, 80000000, 1000000.00, 20, -68.26, -69.78, -79.73, -62.21, -55.69
2022-11-15, 19:28:39.522584, 70000000, 75000000, 1000000.00, 20, -64.59, -75.88, -67.66, -62.29, -63.99
2022-11-15, 19:28:39.522584, 80000000, 85000000, 1000000.00, 20, -60.18, -67.18, -64.05, -78.21, -63.40
2022-11-15, 19:28:39.522584, 85000000, 90000000, 1000000.00, 20, -67.58, -68.48, -93.13, -77.43, -77.56
2022-11-15, 19:28:39.522584, 95000000, 100000000, 1000000.00, 20, -50.92, -56.92, -54.33, -55.23, -62.59
2022-11-15, 19:28:39.522584, 90000000, 95000000, 1000000.00, 20, -62.36, -61.55, -77.48, -64.79, -61.86
2022-11-15, 19:28:39.522584, 100000000, 105000000, 1000000.00, 20, -70.17, -63.28, -71.60, -64.59, -75.45
2022-11-15, 19:28:39.522584, 105000000, 110000000, 1000000.00, 20, -37.91, -49.89, -58.35, -59.47, -60.33
2022-11-15, 19:28:39.522584, 115000000, 120000000, 1000000.00, 20, -57.60, -62.94, -66.58, -63.30, -58.44
2022-11-15, 19:28:39.522584, 110000000, 115000000, 1000000.00, 20, -76.95, -64.07, -64.57, -70.13, -65.92
2022-11-15, 19:28:39.522584, 120000000, 125000000, 1000000.00, 20, -59.57, -63.50, -59.94, -57.12, -58.22
2022-11-15, 19:28:39.522584, 125000000, 130000000, 1000000.00, 20, -43.18, -44.55, -56.12, -49.48, -38.11
2022-11-15, 19:28:39.522584, 135000000, 140000000, 1000000.00, 20, -63.41, -65.25, -61.25, -55.45, -56.95
2022-11-15, 19:28:39.522584, 130000000, 135000000, 1000000.00, 20, -16.67, -28.75, -45.26, -45.82, -44.91
2022-11-15, 19:28:39.522584, 140000000, 145000000, 1000000.00, 20, -62.62, -62.00, -56.03, -60.89, -66.19
2022-11-15, 19:28:39.522584, 145000000, 150000000, 1000000.00, 20, -56.86, -45.69, -36.93, -18.30, -6.14
2022-11-15, 19:28:39.522584, 155000000, 160000000, 1000000.00, 20, -56.49, -58.33, -48.84, -34.19, -21.47
2022-11-15, 19:28:39.522584, 150000000, 155000000, 1000000.00, 20, -6.03, -18.28, -35.85, -45.74, -42.11
2022-11-15, 19:28:39.522584, 160000000, 165000000, 1000000.00, 20, -18.17, -31.20, -42.17, -49.96, -45.44
2022-11-15, 19:28:39.522584, 165000000, 170000000, 1000000.00, 20, -61.14, -61.11, -80.41, -67.18, -63.09
2022-11-15, 19:28:39.522584, 175000000, 180000000, 1000000.00, 20, -61.22, -65.74, -67.36, -63.77, -73.43
2022-11-15, 19:28:39.522584, 170000000, 175000000, 1000000.00, 20, -58.63, -56.45, -60.57, -77.18, -63.70
2022-11-15, 19:28:39.522584, 180000000, 185000000, 1000000.00, 20, -66.50, -65.31, -68.28, -64.11, -64.07
2022-11-15, 19:28:39.522584, 185000000, 190000000, 1000000.00, 20, -22.14, -21.59, -32.94, -52.50, -57.56
2022-11-15, 19:28:39.522584, 195000000, 200000000, 1000000.00, 20, -73.33, -61.92, -63.17, -66.07, -59.13
2022-11-15, 19:28:39.522584, 190000000, 195000000, 1000000.00, 20, -65.24, -63.84, -72.69, -60.77, -60.75
2022-11-15, 19:28:39.522584, 200000000, 205000000, 1000000.00, 20, -58.22, -55.38, -55.94, -57.65, -55.17
2022-11-15, 19:28:39.544893, 205000000, 210000000, 1000000.00, 20, -61.72, -49.05, -48.02, -57.97, -67.61
2022-11-15, 19:28:39.544893, 215000000, 220000000, 1000000.00, 20, -62.85, -65.54, -67.04, -67.74, -59.12
2022-11-15, 19:28:39.544893, 210000000, 215000000, 1000000.00, 20, -70.02, -74.26, -63.84, -62.70, -64.50
2022-11-15, 19:28:39.544893, 220000000, 225000000, 1000000.00, 20, -63.25, -60.37, -69.32, -62.02, -56.86
2022-11-15, 19:28:39.544893, 225000000, 230000000, 1000000.00, 20, -67.08, -65.72, -65.28, -73.08, -71.92
2022-11-15, 19:28:39.544893, 235000000, 240000000, 1000000.00, 20, -60.77, -62.92, -62.11, -62.80, -63.37
2022-11-15, 19:28:39.544893, 230000000, 235000000, 1000000.00, 20, -55.48, -58.47, -63.46, -71.48, -68.37
2022-11-15, 19:28:39.544893, 240000000, 245000000, 1000000.00, 20, -61.03, -66.02, -65.38, -64.18, -63.16
Iteration 7 Success
hackrf_sweep | ===SWEEPING DONE===
endConnection | hackrf_close() done
endConnection | hackrf_exit() done
hackrf_sweep | endConnection | Connection close with hackrf success
hackrf_sweep | initConfigHackRF | Success
hackrf_sweep | setHackRFParams | call hackrf_sample_rate_set(20.000 MHz)
setHackRFParams | call hackrf_baseband_filter_bandwidth_set(15.000 MHz)
hackrf_sweep | setHackRFParams | Success
hackrf_sweep | ===SWEEPING STARTED===
Iteration 8 started
2022-11-15, 19:28:39.840762, 45000000, 50000000, 1000000.00, 20, -55.80, -56.29, -68.42, -78.19, -71.67
2022-11-15, 19:28:39.840762, 55000000, 60000000, 1000000.00, 20, -65.17, -65.51, -56.84, -54.24, -45.96
2022-11-15, 19:28:39.840762, 50000000, 55000000, 1000000.00, 20, -60.05, -59.49, -63.54, -64.64, -61.40
2022-11-15, 19:28:39.840762, 60000000, 65000000, 1000000.00, 20, -60.39, -62.77, -64.78, -73.90, -61.21
2022-11-15, 19:28:39.840762, 65000000, 70000000, 1000000.00, 20, -71.44, -65.18, -66.46, -75.43, -69.72
2022-11-15, 19:28:39.840762, 75000000, 80000000, 1000000.00, 20, -66.03, -75.68, -67.26, -60.90, -54.15
2022-11-15, 19:28:39.840762, 70000000, 75000000, 1000000.00, 20, -62.85, -65.72, -66.34, -66.69, -65.37
2022-11-15, 19:28:39.840762, 80000000, 85000000, 1000000.00, 20, -61.10, -62.44, -64.23, -71.97, -70.79
2022-11-15, 19:28:39.840762, 85000000, 90000000, 1000000.00, 20, -60.87, -59.17, -67.76, -66.44, -67.06
2022-11-15, 19:28:39.840762, 95000000, 100000000, 1000000.00, 20, -53.71, -63.61, -53.29, -52.78, -60.89
2022-11-15, 19:28:39.840762, 90000000, 95000000, 1000000.00, 20, -62.53, -70.09, -70.40, -76.96, -70.30
2022-11-15, 19:28:39.840762, 100000000, 105000000, 1000000.00, 20, -62.19, -63.47, -67.75, -63.69, -63.83
2022-11-15, 19:28:39.840762, 105000000, 110000000, 1000000.00, 20, -35.99, -46.88, -65.41, -70.47, -71.73
2022-11-15, 19:28:39.840762, 115000000, 120000000, 1000000.00, 20, -66.97, -63.48, -64.37, -62.65, -52.77
2022-11-15, 19:28:39.840762, 110000000, 115000000, 1000000.00, 20, -66.05, -62.21, -62.27, -64.09, -65.57
2022-11-15, 19:28:39.840762, 120000000, 125000000, 1000000.00, 20, -53.36, -61.25, -67.62, -64.13, -65.09
2022-11-15, 19:28:39.840762, 125000000, 130000000, 1000000.00, 20, -41.95, -43.15, -53.27, -48.84, -37.56
2022-11-15, 19:28:39.840762, 135000000, 140000000, 1000000.00, 20, -60.55, -64.03, -66.12, -59.44, -60.91
2022-11-15, 19:28:39.840762, 130000000, 135000000, 1000000.00, 20, -16.71, -29.14, -42.93, -43.61, -43.90
2022-11-15, 19:28:39.840762, 140000000, 145000000, 1000000.00, 20, -57.04, -58.20, -58.75, -65.76, -57.13
2022-11-15, 19:28:39.840762, 145000000, 150000000, 1000000.00, 20, -54.30, -46.86, -35.94, -18.58, -6.18
2022-11-15, 19:28:39.840762, 155000000, 160000000, 1000000.00, 20, -54.62, -59.69, -54.36, -32.64, -21.20
2022-11-15, 19:28:39.840762, 150000000, 155000000, 1000000.00, 20, -6.05, -18.35, -35.02, -47.75, -49.57
2022-11-15, 19:28:39.840762, 160000000, 165000000, 1000000.00, 20, -18.90, -30.89, -46.69, -50.81, -54.85
2022-11-15, 19:28:39.840762, 165000000, 170000000, 1000000.00, 20, -68.92, -84.64, -64.43, -70.23, -63.28
2022-11-15, 19:28:39.840762, 175000000, 180000000, 1000000.00, 20, -65.44, -74.77, -66.72, -70.84, -66.68
2022-11-15, 19:28:39.840762, 170000000, 175000000, 1000000.00, 20, -58.03, -62.40, -72.74, -73.04, -72.07
2022-11-15, 19:28:39.840762, 180000000, 185000000, 1000000.00, 20, -61.09, -64.95, -65.98, -60.19, -62.84
2022-11-15, 19:28:39.840762, 185000000, 190000000, 1000000.00, 20, -22.04, -21.54, -33.18, -48.69, -62.99
2022-11-15, 19:28:39.840762, 195000000, 200000000, 1000000.00, 20, -69.29, -62.99, -65.15, -67.25, -62.56
2022-11-15, 19:28:39.840762, 190000000, 195000000, 1000000.00, 20, -73.49, -71.72, -66.21, -63.95, -73.70
2022-11-15, 19:28:39.840762, 200000000, 205000000, 1000000.00, 20, -65.99, -54.96, -60.75, -55.74, -54.70
2022-11-15, 19:28:39.859290, 205000000, 210000000, 1000000.00, 20, -64.14, -52.57, -49.10, -54.88, -66.47
2022-11-15, 19:28:39.859290, 215000000, 220000000, 1000000.00, 20, -64.63, -75.22, -68.86, -62.21, -61.88
2022-11-15, 19:28:39.859290, 210000000, 215000000, 1000000.00, 20, -78.32, -76.81, -72.21, -64.26, -58.03
2022-11-15, 19:28:39.859290, 220000000, 225000000, 1000000.00, 20, -62.69, -65.57, -62.67, -66.56, -66.51
2022-11-15, 19:28:39.859290, 225000000, 230000000, 1000000.00, 20, -72.24, -61.69, -61.22, -64.40, -62.42
2022-11-15, 19:28:39.859290, 235000000, 240000000, 1000000.00, 20, -63.68, -76.62, -58.30, -58.05, -60.66
2022-11-15, 19:28:39.859290, 230000000, 235000000, 1000000.00, 20, -66.77, -69.34, -63.21, -63.64, -64.02
2022-11-15, 19:28:39.859290, 240000000, 245000000, 1000000.00, 20, -65.19, -63.50, -62.61, -71.35, -67.11
Iteration 8 Success
hackrf_sweep | ===SWEEPING DONE===
endConnection | hackrf_close() done
endConnection | hackrf_exit() done
hackrf_sweep | endConnection | Connection close with hackrf success
hackrf_sweep | initConfigHackRF | Success
hackrf_sweep | setHackRFParams | call hackrf_sample_rate_set(20.000 MHz)
setHackRFParams | call hackrf_baseband_filter_bandwidth_set(15.000 MHz)
hackrf_sweep | setHackRFParams | Success
hackrf_sweep | ===SWEEPING STARTED===
Iteration 9 started
2022-11-15, 19:28:40.141134, 45000000, 50000000, 1000000.00, 20, -62.03, -62.69, -61.30, -60.44, -63.43
2022-11-15, 19:28:40.141134, 55000000, 60000000, 1000000.00, 20, -60.57, -66.67, -61.48, -53.26, -44.69
2022-11-15, 19:28:40.141134, 50000000, 55000000, 1000000.00, 20, -57.29, -60.88, -63.48, -64.30, -62.38
2022-11-15, 19:28:40.141134, 60000000, 65000000, 1000000.00, 20, -61.71, -65.19, -62.28, -60.92, -63.70
2022-11-15, 19:28:40.141134, 65000000, 70000000, 1000000.00, 20, -63.17, -62.96, -74.79, -74.27, -70.41
2022-11-15, 19:28:40.141134, 75000000, 80000000, 1000000.00, 20, -68.38, -61.48, -64.72, -67.99, -58.54
2022-11-15, 19:28:40.141134, 70000000, 75000000, 1000000.00, 20, -65.21, -69.43, -78.29, -65.41, -71.76
2022-11-15, 19:28:40.141134, 80000000, 85000000, 1000000.00, 20, -61.45, -66.42, -67.45, -62.81, -59.16
2022-11-15, 19:28:40.141134, 85000000, 90000000, 1000000.00, 20, -57.56, -57.02, -61.24, -63.72, -62.88
2022-11-15, 19:28:40.141134, 95000000, 100000000, 1000000.00, 20, -54.03, -64.75, -61.32, -59.58, -67.38
2022-11-15, 19:28:40.141134, 90000000, 95000000, 1000000.00, 20, -59.81, -73.24, -61.17, -61.23, -65.99
2022-11-15, 19:28:40.141134, 100000000, 105000000, 1000000.00, 20, -59.51, -60.61, -62.46, -64.29, -63.75
2022-11-15, 19:28:40.141134, 105000000, 110000000, 1000000.00, 20, -34.95, -45.47, -72.52, -60.40, -63.47
2022-11-15, 19:28:40.141134, 115000000, 120000000, 1000000.00, 20, -66.71, -64.81, -61.52, -70.58, -54.92
2022-11-15, 19:28:40.141134, 110000000, 115000000, 1000000.00, 20, -66.29, -66.59, -64.15, -57.77, -57.07
2022-11-15, 19:28:40.141134, 120000000, 125000000, 1000000.00, 20, -48.33, -54.13, -60.11, -78.41, -64.75
2022-11-15, 19:28:40.141134, 125000000, 130000000, 1000000.00, 20, -43.53, -43.89, -57.27, -49.03, -37.47
2022-11-15, 19:28:40.141134, 135000000, 140000000, 1000000.00, 20, -59.74, -67.16, -67.85, -58.49, -63.27
2022-11-15, 19:28:40.141134, 130000000, 135000000, 1000000.00, 20, -16.72, -28.77, -44.05, -44.66, -42.88
2022-11-15, 19:28:40.141134, 140000000, 145000000, 1000000.00, 20, -60.58, -62.01, -66.91, -66.42, -60.24
2022-11-15, 19:28:40.141134, 145000000, 150000000, 1000000.00, 20, -58.44, -48.31, -35.32, -18.51, -6.07
2022-11-15, 19:28:40.141134, 155000000, 160000000, 1000000.00, 20, -58.48, -53.95, -52.00, -29.83, -18.33
2022-11-15, 19:28:40.141134, 150000000, 155000000, 1000000.00, 20, -6.12, -18.24, -37.10, -44.81, -58.06
2022-11-15, 19:28:40.141134, 160000000, 165000000, 1000000.00, 20, -21.47, -34.33, -47.54, -64.87, -58.73
2022-11-15, 19:28:40.141134, 165000000, 170000000, 1000000.00, 20, -63.01, -65.29, -64.06, -61.25, -56.05
2022-11-15, 19:28:40.141134, 175000000, 180000000, 1000000.00, 20, -62.71, -67.17, -67.46, -64.43, -74.68
2022-11-15, 19:28:40.141134, 170000000, 175000000, 1000000.00, 20, -64.19, -64.31, -67.86, -60.49, -65.30
2022-11-15, 19:28:40.141134, 180000000, 185000000, 1000000.00, 20, -58.35, -57.51, -59.32, -61.04, -63.59
2022-11-15, 19:28:40.141134, 185000000, 190000000, 1000000.00, 20, -22.15, -21.57, -32.96, -52.78, -59.35
2022-11-15, 19:28:40.141134, 195000000, 200000000, 1000000.00, 20, -68.03, -72.89, -78.17, -68.87, -67.14
2022-11-15, 19:28:40.141134, 190000000, 195000000, 1000000.00, 20, -65.89, -63.42, -63.13, -61.43, -66.79
2022-11-15, 19:28:40.141134, 200000000, 205000000, 1000000.00, 20, -60.13, -50.00, -48.57, -52.62, -58.26
2022-11-15, 19:28:40.160882, 205000000, 210000000, 1000000.00, 20, -61.65, -51.65, -49.29, -59.12, -66.24
2022-11-15, 19:28:40.160882, 215000000, 220000000, 1000000.00, 20, -61.25, -64.64, -64.60, -62.26, -60.65
2022-11-15, 19:28:40.160882, 210000000, 215000000, 1000000.00, 20, -53.93, -56.67, -61.14, -61.43, -63.83
2022-11-15, 19:28:40.160882, 220000000, 225000000, 1000000.00, 20, -63.33, -72.62, -66.18, -64.85, -65.32
2022-11-15, 19:28:40.160882, 225000000, 230000000, 1000000.00, 20, -61.50, -63.91, -62.77, -78.78, -63.62
2022-11-15, 19:28:40.160882, 235000000, 240000000, 1000000.00, 20, -64.37, -78.31, -67.95, -62.75, -69.63
2022-11-15, 19:28:40.160882, 230000000, 235000000, 1000000.00, 20, -65.30, -61.81, -62.02, -66.64, -67.83
2022-11-15, 19:28:40.160882, 240000000, 245000000, 1000000.00, 20, -59.14, -59.80, -65.82, -61.86, -62.32
Iteration 9 Success
hackrf_sweep | ===SWEEPING DONE===
endConnection | hackrf_close() done
endConnection | hackrf_exit() done
hackrf_sweep | endConnection | Connection close with hackrf success
hackrf_sweep | initConfigHackRF | Success
hackrf_sweep | setHackRFParams | call hackrf_sample_rate_set(20.000 MHz)
setHackRFParams | call hackrf_baseband_filter_bandwidth_set(15.000 MHz)
hackrf_sweep | setHackRFParams | Success
hackrf_sweep | ===SWEEPING STARTED===
Iteration 10 started
2022-11-15, 19:28:40.441870, 45000000, 50000000, 1000000.00, 20, -65.48, -70.24, -65.54, -61.60, -64.42
2022-11-15, 19:28:40.441870, 55000000, 60000000, 1000000.00, 20, -67.07, -61.45, -67.66, -54.00, -44.18
2022-11-15, 19:28:40.441870, 50000000, 55000000, 1000000.00, 20, -60.61, -57.09, -59.37, -64.08, -60.28
2022-11-15, 19:28:40.441870, 60000000, 65000000, 1000000.00, 20, -71.90, -68.20, -65.24, -64.96, -66.24
2022-11-15, 19:28:40.441870, 65000000, 70000000, 1000000.00, 20, -66.25, -63.34, -59.30, -61.85, -62.78
2022-11-15, 19:28:40.441870, 75000000, 80000000, 1000000.00, 20, -77.58, -66.81, -73.92, -64.96, -60.24
2022-11-15, 19:28:40.441870, 70000000, 75000000, 1000000.00, 20, -66.72, -67.40, -65.54, -66.22, -70.13
2022-11-15, 19:28:40.441870, 80000000, 85000000, 1000000.00, 20, -63.35, -55.46, -59.32, -66.72, -67.56
2022-11-15, 19:28:40.441870, 85000000, 90000000, 1000000.00, 20, -71.42, -59.66, -59.12, -65.09, -65.63
2022-11-15, 19:28:40.441870, 95000000, 100000000, 1000000.00, 20, -53.29, -62.82, -54.83, -54.48, -56.79
2022-11-15, 19:28:40.441870, 90000000, 95000000, 1000000.00, 20, -65.43, -68.82, -63.69, -67.32, -73.23
2022-11-15, 19:28:40.441870, 100000000, 105000000, 1000000.00, 20, -68.15, -64.15, -61.66, -55.63, -55.64
2022-11-15, 19:28:40.441870, 105000000, 110000000, 1000000.00, 20, -35.21, -45.63, -65.35, -61.28, -58.44
2022-11-15, 19:28:40.441870, 115000000, 120000000, 1000000.00, 20, -73.70, -68.36, -61.67, -59.52, -53.41
2022-11-15, 19:28:40.441870, 110000000, 115000000, 1000000.00, 20, -69.35, -65.71, -74.24, -64.65, -65.34
2022-11-15, 19:28:40.441870, 120000000, 125000000, 1000000.00, 20, -49.35, -59.02, -61.75, -65.25, -76.05
2022-11-15, 19:28:40.441870, 125000000, 130000000, 1000000.00, 20, -43.67, -44.22, -57.70, -48.17, -37.14
2022-11-15, 19:28:40.441870, 135000000, 140000000, 1000000.00, 20, -72.42, -61.28, -63.00, -57.53, -64.70
2022-11-15, 19:28:40.441870, 130000000, 135000000, 1000000.00, 20, -16.76, -28.92, -44.88, -44.94, -43.12
2022-11-15, 19:28:40.441870, 140000000, 145000000, 1000000.00, 20, -58.99, -61.54, -63.59, -69.28, -56.39
2022-11-15, 19:28:40.441870, 145000000, 150000000, 1000000.00, 20, -58.91, -44.46, -37.26, -18.41, -6.10
2022-11-15, 19:28:40.441870, 155000000, 160000000, 1000000.00, 20, -58.04, -58.11, -46.14, -31.22, -19.13
2022-11-15, 19:28:40.441870, 150000000, 155000000, 1000000.00, 20, -6.04, -18.23, -36.29, -46.39, -46.56
2022-11-15, 19:28:40.441870, 160000000, 165000000, 1000000.00, 20, -18.65, -30.78, -55.53, -54.37, -52.13
2022-11-15, 19:28:40.441870, 165000000, 170000000, 1000000.00, 20, -69.00, -64.17, -62.57, -67.49, -72.02
2022-11-15, 19:28:40.441870, 175000000, 180000000, 1000000.00, 20, -58.79, -56.96, -59.47, -64.84, -71.02
2022-11-15, 19:28:40.441870, 170000000, 175000000, 1000000.00, 20, -70.68, -71.67, -66.10, -67.82, -69.67
2022-11-15, 19:28:40.441870, 180000000, 185000000, 1000000.00, 20, -62.29, -65.50, -64.16, -68.00, -62.98
2022-11-15, 19:28:40.441870, 185000000, 190000000, 1000000.00, 20, -22.11, -21.51, -32.74, -51.67, -59.81
2022-11-15, 19:28:40.441870, 195000000, 200000000, 1000000.00, 20, -64.96, -59.51, -61.57, -66.21, -69.32
2022-11-15, 19:28:40.461598, 190000000, 195000000, 1000000.00, 20, -65.27, -59.75, -59.90, -64.69, -65.64
2022-11-15, 19:28:40.461598, 200000000, 205000000, 1000000.00, 20, -74.93, -53.92, -54.48, -62.20, -55.91
2022-11-15, 19:28:40.461598, 205000000, 210000000, 1000000.00, 20, -65.21, -53.07, -50.23, -62.60, -63.05
2022-11-15, 19:28:40.461598, 215000000, 220000000, 1000000.00, 20, -60.80, -70.17, -61.52, -59.07, -60.49
2022-11-15, 19:28:40.461598, 210000000, 215000000, 1000000.00, 20, -60.05, -63.38, -63.97, -59.28, -56.98
2022-11-15, 19:28:40.461598, 220000000, 225000000, 1000000.00, 20, -64.64, -61.83, -69.42, -62.44, -70.57
2022-11-15, 19:28:40.461598, 225000000, 230000000, 1000000.00, 20, -72.53, -71.16, -67.36, -66.61, -57.54
2022-11-15, 19:28:40.461598, 235000000, 240000000, 1000000.00, 20, -67.69, -65.94, -64.90, -66.95, -60.35
2022-11-15, 19:28:40.461598, 230000000, 235000000, 1000000.00, 20, -67.21, -61.04, -58.83, -59.57, -59.78
2022-11-15, 19:28:40.461598, 240000000, 245000000, 1000000.00, 20, -64.55, -69.90, -68.37, -64.73, -68.48
Iteration 10 Success
hackrf_sweep | ===SWEEPING DONE===
endConnection | hackrf_close() done
endConnection | hackrf_exit() done
hackrf_sweep | endConnection | Connection close with hackrf success
hackrf_sweep | initConfigHackRF | Success
hackrf_sweep | setHackRFParams | call hackrf_sample_rate_set(20.000 MHz)
setHackRFParams | call hackrf_baseband_filter_bandwidth_set(15.000 MHz)
hackrf_sweep | setHackRFParams | Success
hackrf_sweep | ===SWEEPING STARTED===
Iteration 11 started
2022-11-15, 19:28:40.751286, 45000000, 50000000, 1000000.00, 20, -55.67, -62.23, -63.91, -59.56, -64.11
2022-11-15, 19:28:40.751286, 55000000, 60000000, 1000000.00, 20, -77.49, -76.56, -87.21, -58.53, -46.79
2022-11-15, 19:28:40.751286, 50000000, 55000000, 1000000.00, 20, -61.30, -72.46, -59.95, -65.64, -66.55
2022-11-15, 19:28:40.751286, 60000000, 65000000, 1000000.00, 20, -68.66, -66.37, -71.42, -74.08, -72.45
2022-11-15, 19:28:40.751286, 65000000, 70000000, 1000000.00, 20, -65.33, -76.14, -81.84, -68.97, -64.92
2022-11-15, 19:28:40.751286, 75000000, 80000000, 1000000.00, 20, -61.05, -58.20, -57.94, -59.02, -64.57
2022-11-15, 19:28:40.751286, 70000000, 75000000, 1000000.00, 20, -70.71, -84.58, -73.07, -72.00, -65.06
2022-11-15, 19:28:40.751286, 80000000, 85000000, 1000000.00, 20, -59.06, -78.35, -77.14, -66.97, -60.17
2022-11-15, 19:28:40.751286, 85000000, 90000000, 1000000.00, 20, -71.87, -64.89, -60.32, -63.24, -64.76
2022-11-15, 19:28:40.751286, 95000000, 100000000, 1000000.00, 20, -53.82, -60.05, -55.22, -56.55, -61.67
2022-11-15, 19:28:40.751286, 90000000, 95000000, 1000000.00, 20, -63.25, -60.34, -61.27, -64.08, -73.04
2022-11-15, 19:28:40.751286, 100000000, 105000000, 1000000.00, 20, -60.71, -62.08, -59.53, -61.99, -69.02
2022-11-15, 19:28:40.751286, 105000000, 110000000, 1000000.00, 20, -37.73, -49.91, -64.05, -65.57, -75.64
2022-11-15, 19:28:40.751286, 115000000, 120000000, 1000000.00, 20, -70.76, -67.46, -67.36, -67.87, -57.73
2022-11-15, 19:28:40.751286, 110000000, 115000000, 1000000.00, 20, -62.17, -60.57, -59.57, -57.44, -58.11
2022-11-15, 19:28:40.751286, 120000000, 125000000, 1000000.00, 20, -51.73, -66.35, -58.38, -56.29, -59.24
2022-11-15, 19:28:40.751286, 125000000, 130000000, 1000000.00, 20, -42.80, -43.95, -53.93, -53.13, -38.37
2022-11-15, 19:28:40.751286, 135000000, 140000000, 1000000.00, 20, -62.09, -64.12, -58.39, -53.98, -53.80
2022-11-15, 19:28:40.751286, 130000000, 135000000, 1000000.00, 20, -16.72, -28.81, -45.76, -43.95, -45.23
2022-11-15, 19:28:40.751286, 140000000, 145000000, 1000000.00, 20, -67.52, -64.78, -68.70, -66.14, -60.89
2022-11-15, 19:28:40.751286, 145000000, 150000000, 1000000.00, 20, -52.15, -47.97, -35.17, -18.14, -5.77
2022-11-15, 19:28:40.751286, 155000000, 160000000, 1000000.00, 20, -76.90, -53.09, -48.67, -27.03, -15.11
2022-11-15, 19:28:40.751286, 150000000, 155000000, 1000000.00, 20, -6.15, -18.39, -36.97, -45.09, -57.11
2022-11-15, 19:28:40.751286, 160000000, 165000000, 1000000.00, 20, -21.20, -33.44, -48.72, -76.49, -59.94
2022-11-15, 19:28:40.751286, 165000000, 170000000, 1000000.00, 20, -68.15, -67.44, -60.39, -60.46, -58.71
2022-11-15, 19:28:40.751286, 175000000, 180000000, 1000000.00, 20, -65.71, -65.38, -74.46, -65.43, -59.97
2022-11-15, 19:28:40.751286, 170000000, 175000000, 1000000.00, 20, -65.99, -57.96, -62.64, -67.97, -61.30
2022-11-15, 19:28:40.751286, 180000000, 185000000, 1000000.00, 20, -66.47, -61.45, -64.36, -63.06, -64.18
2022-11-15, 19:28:40.751286, 185000000, 190000000, 1000000.00, 20, -22.07, -21.51, -32.90, -51.52, -61.45
2022-11-15, 19:28:40.751286, 195000000, 200000000, 1000000.00, 20, -60.44, -59.68, -63.69, -66.60, -66.23
2022-11-15, 19:28:40.751286, 190000000, 195000000, 1000000.00, 20, -57.50, -56.49, -56.86, -63.72, -63.36
2022-11-15, 19:28:40.751286, 200000000, 205000000, 1000000.00, 20, -57.64, -59.45, -58.18, -55.61, -54.22
2022-11-15, 19:28:40.782616, 205000000, 210000000, 1000000.00, 20, -60.94, -51.14, -51.67, -62.24, -57.62
2022-11-15, 19:28:40.782616, 215000000, 220000000, 1000000.00, 20, -62.77, -72.95, -78.39, -69.49, -58.22
2022-11-15, 19:28:40.782616, 210000000, 215000000, 1000000.00, 20, -61.42, -58.66, -63.28, -66.96, -70.33
2022-11-15, 19:28:40.782616, 220000000, 225000000, 1000000.00, 20, -74.57, -77.17, -73.46, -62.34, -58.61
2022-11-15, 19:28:40.782616, 225000000, 230000000, 1000000.00, 20, -63.70, -59.80, -58.82, -63.03, -70.14
2022-11-15, 19:28:40.782616, 235000000, 240000000, 1000000.00, 20, -67.53, -64.39, -59.55, -63.83, -68.35
2022-11-15, 19:28:40.782616, 230000000, 235000000, 1000000.00, 20, -66.04, -65.36, -69.50, -72.27, -68.08
2022-11-15, 19:28:40.782616, 240000000, 245000000, 1000000.00, 20, -62.19, -61.03, -63.93, -77.52, -66.06
Iteration 11 Success
hackrf_sweep | ===SWEEPING DONE===
endConnection | hackrf_close() done
endConnection | hackrf_exit() done
hackrf_sweep | endConnection | Connection close with hackrf success
hackrf_sweep | initConfigHackRF | Success
hackrf_sweep | setHackRFParams | call hackrf_sample_rate_set(20.000 MHz)
setHackRFParams | call hackrf_baseband_filter_bandwidth_set(15.000 MHz)
hackrf_sweep | setHackRFParams | Success
hackrf_sweep | ===SWEEPING STARTED===
Iteration 12 started
2022-11-15, 19:28:41.053402, 45000000, 50000000, 1000000.00, 20, -64.88, -80.83, -65.72, -64.06, -66.88
2022-11-15, 19:28:41.053402, 55000000, 60000000, 1000000.00, 20, -65.02, -65.02, -70.11, -57.24, -46.11
2022-11-15, 19:28:41.053402, 50000000, 55000000, 1000000.00, 20, -66.67, -64.36, -61.20, -60.30, -59.81
2022-11-15, 19:28:41.053402, 60000000, 65000000, 1000000.00, 20, -65.26, -77.87, -63.27, -60.99, -62.62
2022-11-15, 19:28:41.053402, 65000000, 70000000, 1000000.00, 20, -54.97, -57.58, -69.08, -63.08, -64.09
2022-11-15, 19:28:41.053402, 75000000, 80000000, 1000000.00, 20, -62.37, -60.48, -67.12, -78.52, -59.22
2022-11-15, 19:28:41.053402, 70000000, 75000000, 1000000.00, 20, -66.47, -62.91, -79.09, -63.54, -63.06
2022-11-15, 19:28:41.053402, 80000000, 85000000, 1000000.00, 20, -60.34, -86.22, -64.09, -68.52, -66.69
2022-11-15, 19:28:41.053402, 85000000, 90000000, 1000000.00, 20, -60.90, -64.50, -70.05, -66.44, -59.73
2022-11-15, 19:28:41.053402, 95000000, 100000000, 1000000.00, 20, -50.59, -58.42, -59.39, -57.41, -59.74
2022-11-15, 19:28:41.053402, 90000000, 95000000, 1000000.00, 20, -62.79, -79.22, -71.90, -78.22, -64.85
2022-11-15, 19:28:41.053402, 100000000, 105000000, 1000000.00, 20, -64.24, -64.71, -59.26, -65.08, -64.93
2022-11-15, 19:28:41.053402, 105000000, 110000000, 1000000.00, 20, -38.01, -49.10, -58.79, -59.89, -63.43
2022-11-15, 19:28:41.053402, 115000000, 120000000, 1000000.00, 20, -62.08, -64.08, -65.10, -64.34, -57.43
2022-11-15, 19:28:41.053402, 110000000, 115000000, 1000000.00, 20, -61.94, -57.70, -62.09, -70.18, -62.32
2022-11-15, 19:28:41.053402, 120000000, 125000000, 1000000.00, 20, -49.41, -59.58, -72.68, -73.32, -68.22
2022-11-15, 19:28:41.053402, 125000000, 130000000, 1000000.00, 20, -42.75, -44.55, -57.55, -50.27, -38.00
2022-11-15, 19:28:41.053402, 135000000, 140000000, 1000000.00, 20, -59.64, -67.52, -66.69, -66.10, -74.19
2022-11-15, 19:28:41.053402, 130000000, 135000000, 1000000.00, 20, -16.70, -28.74, -52.13, -42.24, -46.08
2022-11-15, 19:28:41.053402, 140000000, 145000000, 1000000.00, 20, -55.37, -63.22, -79.98, -73.10, -60.67
2022-11-15, 19:28:41.053402, 145000000, 150000000, 1000000.00, 20, -55.81, -46.34, -35.70, -17.71, -5.46
2022-11-15, 19:28:41.053402, 155000000, 160000000, 1000000.00, 20, -55.27, -52.13, -43.10, -25.35, -13.12
2022-11-15, 19:28:41.053402, 150000000, 155000000, 1000000.00, 20, -6.10, -18.20, -36.73, -46.34, -52.06
2022-11-15, 19:28:41.053402, 160000000, 165000000, 1000000.00, 20, -21.25, -34.16, -49.43, -58.82, -56.04
2022-11-15, 19:28:41.053402, 165000000, 170000000, 1000000.00, 20, -68.41, -62.58, -67.99, -63.97, -53.89
2022-11-15, 19:28:41.053402, 175000000, 180000000, 1000000.00, 20, -64.43, -69.01, -69.84, -65.31, -62.83
2022-11-15, 19:28:41.053402, 170000000, 175000000, 1000000.00, 20, -59.49, -63.02, -66.47, -57.87, -57.73
2022-11-15, 19:28:41.053402, 180000000, 185000000, 1000000.00, 20, -67.15, -65.57, -61.52, -76.43, -64.48
2022-11-15, 19:28:41.053402, 185000000, 190000000, 1000000.00, 20, -22.06, -21.52, -32.98, -49.29, -63.21
2022-11-15, 19:28:41.053402, 195000000, 200000000, 1000000.00, 20, -57.50, -57.64, -57.60, -58.45, -62.28
2022-11-15, 19:28:41.069231, 190000000, 195000000, 1000000.00, 20, -69.15, -69.51, -67.93, -64.48, -64.24
2022-11-15, 19:28:41.069231, 200000000, 205000000, 1000000.00, 20, -64.65, -56.70, -55.07, -53.24, -55.31
2022-11-15, 19:28:41.069231, 205000000, 210000000, 1000000.00, 20, -63.74, -51.72, -48.59, -55.92, -68.07
2022-11-15, 19:28:41.069231, 215000000, 220000000, 1000000.00, 20, -83.02, -71.70, -66.33, -67.58, -65.21
2022-11-15, 19:28:41.069231, 210000000, 215000000, 1000000.00, 20, -61.28, -66.12, -67.40, -76.38, -69.57
2022-11-15, 19:28:41.069231, 220000000, 225000000, 1000000.00, 20, -63.07, -70.62, -69.56, -61.26, -54.36
2022-11-15, 19:28:41.069231, 225000000, 230000000, 1000000.00, 20, -57.59, -61.41, -66.38, -57.99, -63.71
2022-11-15, 19:28:41.069231, 235000000, 240000000, 1000000.00, 20, -72.52, -81.20, -65.61, -66.25, -63.84
2022-11-15, 19:28:41.069231, 230000000, 235000000, 1000000.00, 20, -76.74, -75.23, -65.83, -62.63, -60.54
2022-11-15, 19:28:41.069231, 240000000, 245000000, 1000000.00, 20, -65.31, -58.81, -59.97, -66.36, -67.58
Iteration 12 Success
hackrf_sweep | ===SWEEPING DONE===
endConnection | hackrf_close() done
endConnection | hackrf_exit() done
hackrf_sweep | endConnection | Connection close with hackrf success
hackrf_sweep | initConfigHackRF | Success
hackrf_sweep | setHackRFParams | call hackrf_sample_rate_set(20.000 MHz)
setHackRFParams | call hackrf_baseband_filter_bandwidth_set(15.000 MHz)
hackrf_sweep | setHackRFParams | Success
hackrf_sweep | ===SWEEPING STARTED===
Iteration 13 started
2022-11-15, 19:28:41.354395, 45000000, 50000000, 1000000.00, 20, -62.70, -57.68, -61.23, -74.59, -64.37
2022-11-15, 19:28:41.354395, 55000000, 60000000, 1000000.00, 20, -67.42, -68.27, -65.45, -58.12, -46.70
2022-11-15, 19:28:41.354395, 50000000, 55000000, 1000000.00, 20, -64.85, -65.87, -58.00, -56.69, -61.32
2022-11-15, 19:28:41.354395, 60000000, 65000000, 1000000.00, 20, -72.93, -62.99, -61.95, -59.80, -59.74
2022-11-15, 19:28:41.354395, 65000000, 70000000, 1000000.00, 20, -76.57, -67.22, -60.64, -61.74, -64.81
2022-11-15, 19:28:41.354395, 75000000, 80000000, 1000000.00, 20, -59.48, -72.18, -63.24, -71.91, -63.51
2022-11-15, 19:28:41.354395, 70000000, 75000000, 1000000.00, 20, -61.92, -62.68, -88.52, -68.55, -66.79
2022-11-15, 19:28:41.354395, 80000000, 85000000, 1000000.00, 20, -56.34, -63.49, -69.09, -82.08, -74.39
2022-11-15, 19:28:41.354395, 85000000, 90000000, 1000000.00, 20, -62.63, -70.25, -68.55, -64.31, -64.55
2022-11-15, 19:28:41.354395, 95000000, 100000000, 1000000.00, 20, -61.95, -65.01, -56.60, -59.76, -65.64
2022-11-15, 19:28:41.354395, 90000000, 95000000, 1000000.00, 20, -55.63, -63.61, -66.64, -65.66, -65.42
2022-11-15, 19:28:41.354395, 100000000, 105000000, 1000000.00, 20, -62.38, -62.50, -68.66, -68.01, -63.57
2022-11-15, 19:28:41.354395, 105000000, 110000000, 1000000.00, 20, -37.56, -47.89, -65.68, -62.47, -64.45
2022-11-15, 19:28:41.354395, 115000000, 120000000, 1000000.00, 20, -68.28, -65.20, -72.94, -71.60, -69.45
2022-11-15, 19:28:41.354395, 110000000, 115000000, 1000000.00, 20, -62.18, -69.57, -65.69, -61.33, -65.34
2022-11-15, 19:28:41.354395, 120000000, 125000000, 1000000.00, 20, -50.54, -62.12, -65.63, -60.69, -66.49
2022-11-15, 19:28:41.354395, 125000000, 130000000, 1000000.00, 20, -43.76, -44.14, -57.87, -49.13, -37.63
2022-11-15, 19:28:41.354395, 135000000, 140000000, 1000000.00, 20, -62.78, -61.20, -64.15, -57.75, -56.99
2022-11-15, 19:28:41.354395, 130000000, 135000000, 1000000.00, 20, -16.69, -28.84, -43.10, -43.90, -42.00
2022-11-15, 19:28:41.354395, 140000000, 145000000, 1000000.00, 20, -63.07, -63.47, -63.91, -69.70, -57.91
2022-11-15, 19:28:41.354395, 145000000, 150000000, 1000000.00, 20, -55.20, -45.86, -36.36, -17.92, -5.62
2022-11-15, 19:28:41.354395, 155000000, 160000000, 1000000.00, 20, -56.29, -49.71, -46.51, -25.78, -13.85
2022-11-15, 19:28:41.354395, 150000000, 155000000, 1000000.00, 20, -6.12, -18.20, -37.12, -46.17, -53.50
2022-11-15, 19:28:41.354395, 160000000, 165000000, 1000000.00, 20, -21.60, -34.86, -48.01, -58.93, -62.35
2022-11-15, 19:28:41.354395, 165000000, 170000000, 1000000.00, 20, -65.62, -65.47, -67.99, -68.81, -66.86
2022-11-15, 19:28:41.354395, 175000000, 180000000, 1000000.00, 20, -63.47, -63.24, -67.17, -57.17, -57.10
2022-11-15, 19:28:41.354395, 170000000, 175000000, 1000000.00, 20, -62.94, -61.19, -60.29, -62.53, -60.75
2022-11-15, 19:28:41.354395, 180000000, 185000000, 1000000.00, 20, -62.74, -71.78, -66.20, -66.98, -72.94
2022-11-15, 19:28:41.354395, 185000000, 190000000, 1000000.00, 20, -22.13, -21.45, -32.49, -53.39, -61.23
2022-11-15, 19:28:41.354395, 195000000, 200000000, 1000000.00, 20, -63.78, -69.11, -72.57, -61.89, -65.32
2022-11-15, 19:28:41.354395, 190000000, 195000000, 1000000.00, 20, -60.30, -61.11, -64.33, -69.37, -68.85
2022-11-15, 19:28:41.354395, 200000000, 205000000, 1000000.00, 20, -68.73, -56.38, -52.22, -52.90, -56.58
2022-11-15, 19:28:41.371786, 205000000, 210000000, 1000000.00, 20, -71.34, -53.03, -49.99, -58.87, -66.93
2022-11-15, 19:28:41.371786, 215000000, 220000000, 1000000.00, 20, -71.25, -67.77, -73.42, -71.30, -66.43
2022-11-15, 19:28:41.371786, 210000000, 215000000, 1000000.00, 20, -61.98, -67.77, -63.37, -63.12, -64.93
2022-11-15, 19:28:41.371786, 220000000, 225000000, 1000000.00, 20, -62.73, -62.53, -62.14, -59.97, -59.88
2022-11-15, 19:28:41.371786, 225000000, 230000000, 1000000.00, 20, -74.17, -63.16, -58.64, -58.13, -58.03
2022-11-15, 19:28:41.371786, 235000000, 240000000, 1000000.00, 20, -104.73, -74.75, -71.69, -65.87, -61.52
2022-11-15, 19:28:41.371786, 230000000, 235000000, 1000000.00, 20, -57.63, -66.22, -64.92, -66.94, -66.17
2022-11-15, 19:28:41.371786, 240000000, 245000000, 1000000.00, 20, -74.87, -69.57, -71.65, -62.03, -61.11
Iteration 13 Success
hackrf_sweep | ===SWEEPING DONE===
endConnection | hackrf_close() done
endConnection | hackrf_exit() done
hackrf_sweep | endConnection | Connection close with hackrf success
hackrf_sweep | initConfigHackRF | Success
hackrf_sweep | setHackRFParams | call hackrf_sample_rate_set(20.000 MHz)
setHackRFParams | call hackrf_baseband_filter_bandwidth_set(15.000 MHz)
hackrf_sweep | setHackRFParams | Success
hackrf_sweep | ===SWEEPING STARTED===
Iteration 14 started
2022-11-15, 19:28:41.659960, 45000000, 50000000, 1000000.00, 20, -58.12, -58.71, -61.01, -66.50, -66.32
2022-11-15, 19:28:41.659960, 55000000, 60000000, 1000000.00, 20, -65.93, -66.09, -77.68, -57.06, -46.24
2022-11-15, 19:28:41.659960, 50000000, 55000000, 1000000.00, 20, -68.33, -67.74, -61.86, -57.60, -57.31
2022-11-15, 19:28:41.659960, 60000000, 65000000, 1000000.00, 20, -73.71, -73.23, -65.62, -67.07, -62.35
2022-11-15, 19:28:41.659960, 65000000, 70000000, 1000000.00, 20, -72.23, -61.89, -63.85, -62.35, -70.34
2022-11-15, 19:28:41.659960, 75000000, 80000000, 1000000.00, 20, -78.73, -69.82, -62.31, -58.73, -56.88
2022-11-15, 19:28:41.659960, 70000000, 75000000, 1000000.00, 20, -61.79, -66.66, -67.85, -62.34, -63.50
2022-11-15, 19:28:41.659960, 80000000, 85000000, 1000000.00, 20, -57.08, -65.90, -81.76, -73.31, -62.27
2022-11-15, 19:28:41.659960, 85000000, 90000000, 1000000.00, 20, -70.21, -70.32, -65.31, -61.56, -61.03
2022-11-15, 19:28:41.659960, 95000000, 100000000, 1000000.00, 20, -52.14, -62.17, -55.87, -55.06, -62.08
2022-11-15, 19:28:41.659960, 90000000, 95000000, 1000000.00, 20, -59.25, -62.25, -69.28, -78.93, -68.24
2022-11-15, 19:28:41.659960, 100000000, 105000000, 1000000.00, 20, -62.93, -72.42, -65.71, -67.04, -66.57
2022-11-15, 19:28:41.659960, 105000000, 110000000, 1000000.00, 20, -34.92, -46.41, -56.67, -60.01, -64.06
2022-11-15, 19:28:41.659960, 115000000, 120000000, 1000000.00, 20, -57.82, -62.13, -64.82, -56.90, -51.09
2022-11-15, 19:28:41.659960, 110000000, 115000000, 1000000.00, 20, -56.37, -57.83, -61.60, -60.57, -64.36
2022-11-15, 19:28:41.659960, 120000000, 125000000, 1000000.00, 20, -51.52, -58.96, -59.68, -65.11, -67.20
2022-11-15, 19:28:41.659960, 125000000, 130000000, 1000000.00, 20, -42.60, -43.67, -55.01, -48.48, -37.47
2022-11-15, 19:28:41.659960, 135000000, 140000000, 1000000.00, 20, -58.94, -63.02, -68.24, -66.38, -63.71
2022-11-15, 19:28:41.659960, 130000000, 135000000, 1000000.00, 20, -16.70, -28.97, -43.88, -43.70, -43.94
2022-11-15, 19:28:41.659960, 140000000, 145000000, 1000000.00, 20, -68.19, -59.73, -61.14, -64.64, -57.80
2022-11-15, 19:28:41.659960, 145000000, 150000000, 1000000.00, 20, -51.20, -46.29, -36.79, -18.46, -6.12
2022-11-15, 19:28:41.659960, 155000000, 160000000, 1000000.00, 20, -54.29, -62.12, -47.35, -31.27, -19.37
2022-11-15, 19:28:41.659960, 150000000, 155000000, 1000000.00, 20, -5.81, -17.90, -37.34, -47.35, -43.13
2022-11-15, 19:28:41.659960, 160000000, 165000000, 1000000.00, 20, -15.96, -28.30, -45.27, -53.75, -45.26
2022-11-15, 19:28:41.659960, 165000000, 170000000, 1000000.00, 20, -62.57, -60.79, -63.49, -62.64, -58.56
2022-11-15, 19:28:41.659960, 175000000, 180000000, 1000000.00, 20, -64.04, -65.92, -66.43, -57.66, -60.06
2022-11-15, 19:28:41.659960, 170000000, 175000000, 1000000.00, 20, -64.78, -66.37, -59.66, -59.45, -66.51
2022-11-15, 19:28:41.659960, 180000000, 185000000, 1000000.00, 20, -58.50, -60.88, -69.50, -70.01, -71.27
2022-11-15, 19:28:41.659960, 185000000, 190000000, 1000000.00, 20, -22.07, -21.56, -32.80, -52.72, -62.56
2022-11-15, 19:28:41.659960, 195000000, 200000000, 1000000.00, 20, -68.69, -74.40, -67.48, -64.27, -68.14
2022-11-15, 19:28:41.659960, 190000000, 195000000, 1000000.00, 20, -56.94, -59.71, -64.61, -76.25, -74.88
2022-11-15, 19:28:41.659960, 200000000, 205000000, 1000000.00, 20, -57.66, -52.54, -54.00, -57.47, -56.56
2022-11-15, 19:28:41.679703, 205000000, 210000000, 1000000.00, 20, -65.93, -52.70, -49.76, -60.31, -63.40
2022-11-15, 19:28:41.679703, 215000000, 220000000, 1000000.00, 20, -64.41, -78.45, -69.81, -67.39, -62.26
2022-11-15, 19:28:41.679703, 210000000, 215000000, 1000000.00, 20, -60.50, -75.21, -68.86, -60.79, -58.72
2022-11-15, 19:28:41.679703, 220000000, 225000000, 1000000.00, 20, -65.18, -60.75, -59.90, -64.16, -61.48
2022-11-15, 19:28:41.679703, 225000000, 230000000, 1000000.00, 20, -66.98, -63.36, -62.06, -58.37, -56.14
2022-11-15, 19:28:41.679703, 235000000, 240000000, 1000000.00, 20, -60.64, -63.94, -68.75, -66.78, -64.75
2022-11-15, 19:28:41.679703, 230000000, 235000000, 1000000.00, 20, -67.46, -62.21, -62.84, -67.97, -63.48
2022-11-15, 19:28:41.679703, 240000000, 245000000, 1000000.00, 20, -63.77, -58.03, -65.70, -70.46, -68.57
Iteration 14 Success
hackrf_sweep | ===SWEEPING DONE===
endConnection | hackrf_close() done
endConnection | hackrf_exit() done
hackrf_sweep | endConnection | Connection close with hackrf success
hackrf_sweep | initConfigHackRF | Success
hackrf_sweep | setHackRFParams | call hackrf_sample_rate_set(20.000 MHz)
setHackRFParams | call hackrf_baseband_filter_bandwidth_set(15.000 MHz)
hackrf_sweep | setHackRFParams | Success
hackrf_sweep | ===SWEEPING STARTED===
Iteration 15 started
2022-11-15, 19:28:41.966160, 45000000, 50000000, 1000000.00, 20, -57.89, -61.05, -61.79, -57.89, -58.98
2022-11-15, 19:28:41.966160, 55000000, 60000000, 1000000.00, 20, -67.56, -60.65, -63.97, -56.60, -45.72
2022-11-15, 19:28:41.966160, 50000000, 55000000, 1000000.00, 20, -63.48, -66.32, -62.60, -57.72, -61.13
2022-11-15, 19:28:41.966160, 60000000, 65000000, 1000000.00, 20, -61.42, -61.25, -65.22, -66.30, -61.16
2022-11-15, 19:28:41.966160, 65000000, 70000000, 1000000.00, 20, -73.20, -69.91, -69.80, -69.80, -62.76
2022-11-15, 19:28:41.966160, 75000000, 80000000, 1000000.00, 20, -73.29, -71.46, -62.84, -62.25, -79.14
2022-11-15, 19:28:41.966160, 70000000, 75000000, 1000000.00, 20, -63.02, -64.98, -62.90, -58.44, -61.83
2022-11-15, 19:28:41.966160, 80000000, 85000000, 1000000.00, 20, -63.31, -64.28, -63.66, -62.11, -67.68
2022-11-15, 19:28:41.966160, 85000000, 90000000, 1000000.00, 20, -74.48, -64.22, -64.92, -68.15, -63.92
2022-11-15, 19:28:41.966160, 95000000, 100000000, 1000000.00, 20, -53.69, -68.82, -60.90, -67.28, -62.86
2022-11-15, 19:28:41.966160, 90000000, 95000000, 1000000.00, 20, -57.14, -66.16, -66.60, -65.53, -63.03
2022-11-15, 19:28:41.966160, 100000000, 105000000, 1000000.00, 20, -61.17, -78.81, -62.29, -64.63, -64.09
2022-11-15, 19:28:41.966160, 105000000, 110000000, 1000000.00, 20, -35.41, -46.50, -60.76, -64.49, -63.25
2022-11-15, 19:28:41.966160, 115000000, 120000000, 1000000.00, 20, -68.91, -72.55, -69.88, -58.78, -53.23
2022-11-15, 19:28:41.966160, 110000000, 115000000, 1000000.00, 20, -64.93, -62.19, -61.46, -63.62, -64.85
2022-11-15, 19:28:41.966160, 120000000, 125000000, 1000000.00, 20, -52.30, -66.42, -72.82, -82.38, -65.56
2022-11-15, 19:28:41.966160, 125000000, 130000000, 1000000.00, 20, -43.57, -44.83, -54.37, -47.55, -37.51
2022-11-15, 19:28:41.966160, 135000000, 140000000, 1000000.00, 20, -73.53, -66.84, -64.00, -60.52, -64.18
2022-11-15, 19:28:41.966160, 130000000, 135000000, 1000000.00, 20, -16.75, -29.05, -52.72, -40.59, -43.90
2022-11-15, 19:28:41.966160, 140000000, 145000000, 1000000.00, 20, -62.06, -58.75, -61.73, -68.10, -56.93
2022-11-15, 19:28:41.966160, 145000000, 150000000, 1000000.00, 20, -56.03, -45.53, -36.80, -18.29, -6.09
2022-11-15, 19:28:41.966160, 155000000, 160000000, 1000000.00, 20, -57.37, -70.52, -48.40, -32.54, -19.97
2022-11-15, 19:28:41.966160, 150000000, 155000000, 1000000.00, 20, -5.98, -18.22, -35.55, -48.63, -46.57
2022-11-15, 19:28:41.966160, 160000000, 165000000, 1000000.00, 20, -18.07, -30.11, -53.72, -52.01, -49.30
2022-11-15, 19:28:41.966160, 165000000, 170000000, 1000000.00, 20, -62.49, -66.38, -70.94, -62.06, -62.95
2022-11-15, 19:28:41.966160, 175000000, 180000000, 1000000.00, 20, -65.36, -61.46, -67.32, -69.06, -82.40
2022-11-15, 19:28:41.966160, 170000000, 175000000, 1000000.00, 20, -59.57, -59.68, -63.34, -67.42, -70.84
2022-11-15, 19:28:41.966160, 180000000, 185000000, 1000000.00, 20, -68.89, -68.22, -86.54, -62.05, -58.50
2022-11-15, 19:28:41.966160, 185000000, 190000000, 1000000.00, 20, -22.17, -21.66, -33.20, -51.37, -64.14
2022-11-15, 19:28:41.966160, 195000000, 200000000, 1000000.00, 20, -67.78, -65.19, -64.21, -61.98, -63.83
2022-11-15, 19:28:41.982014, 190000000, 195000000, 1000000.00, 20, -65.71, -58.51, -58.74, -66.47, -64.30
2022-11-15, 19:28:41.982014, 200000000, 205000000, 1000000.00, 20, -56.53, -54.10, -61.33, -53.49, -54.32
2022-11-15, 19:28:41.982014, 205000000, 210000000, 1000000.00, 20, -69.96, -52.39, -50.12, -61.63, -72.55
2022-11-15, 19:28:41.982014, 215000000, 220000000, 1000000.00, 20, -70.29, -71.39, -62.69, -57.81, -61.41
2022-11-15, 19:28:41.982014, 210000000, 215000000, 1000000.00, 20, -62.14, -76.82, -63.32, -61.44, -58.62
2022-11-15, 19:28:41.982014, 220000000, 225000000, 1000000.00, 20, -64.19, -69.70, -66.29, -60.23, -60.73
2022-11-15, 19:28:41.982014, 225000000, 230000000, 1000000.00, 20, -66.43, -68.77, -66.43, -70.62, -72.05
2022-11-15, 19:28:41.982014, 235000000, 240000000, 1000000.00, 20, -68.67, -66.21, -74.63, -74.13, -69.99
2022-11-15, 19:28:41.982014, 230000000, 235000000, 1000000.00, 20, -65.31, -70.12, -67.63, -62.05, -68.54
2022-11-15, 19:28:41.982014, 240000000, 245000000, 1000000.00, 20, -65.95, -66.29, -68.76, -60.22, -65.67
Iteration 15 Success
hackrf_sweep | ===SWEEPING DONE===
endConnection | hackrf_close() done
endConnection | hackrf_exit() done
hackrf_sweep | endConnection | Connection close with hackrf success
hackrf_sweep | initConfigHackRF | Success
hackrf_sweep | setHackRFParams | call hackrf_sample_rate_set(20.000 MHz)
setHackRFParams | call hackrf_baseband_filter_bandwidth_set(15.000 MHz)
hackrf_sweep | setHackRFParams | Success
hackrf_sweep | ===SWEEPING STARTED===
Iteration 16 started
2022-11-15, 19:28:42.265552, 45000000, 50000000, 1000000.00, 20, -65.71, -64.57, -63.43, -75.20, -66.90
2022-11-15, 19:28:42.265552, 55000000, 60000000, 1000000.00, 20, -70.16, -65.54, -57.48, -55.57, -48.36
2022-11-15, 19:28:42.265552, 50000000, 55000000, 1000000.00, 20, -59.32, -59.55, -59.36, -61.27, -72.18
2022-11-15, 19:28:42.265552, 60000000, 65000000, 1000000.00, 20, -60.54, -61.52, -63.86, -70.69, -80.31
2022-11-15, 19:28:42.265552, 65000000, 70000000, 1000000.00, 20, -70.95, -67.57, -59.39, -61.25, -70.50
2022-11-15, 19:28:42.265552, 75000000, 80000000, 1000000.00, 20, -65.93, -70.15, -62.06, -66.20, -61.21
2022-11-15, 19:28:42.265552, 70000000, 75000000, 1000000.00, 20, -69.25, -72.15, -71.49, -61.98, -58.68
2022-11-15, 19:28:42.265552, 80000000, 85000000, 1000000.00, 20, -71.67, -83.08, -68.45, -61.15, -60.08
2022-11-15, 19:28:42.265552, 85000000, 90000000, 1000000.00, 20, -61.75, -78.32, -63.75, -59.09, -62.58
2022-11-15, 19:28:42.265552, 95000000, 100000000, 1000000.00, 20, -53.80, -69.10, -56.09, -56.90, -67.74
2022-11-15, 19:28:42.265552, 90000000, 95000000, 1000000.00, 20, -60.28, -69.05, -59.26, -57.17, -61.41
2022-11-15, 19:28:42.265552, 100000000, 105000000, 1000000.00, 20, -71.62, -83.33, -65.00, -63.94, -65.49
2022-11-15, 19:28:42.265552, 105000000, 110000000, 1000000.00, 20, -35.62, -47.24, -60.17, -68.15, -62.12
2022-11-15, 19:28:42.265552, 115000000, 120000000, 1000000.00, 20, -67.05, -65.44, -65.88, -60.64, -57.70
2022-11-15, 19:28:42.265552, 110000000, 115000000, 1000000.00, 20, -57.98, -60.71, -66.28, -61.72, -58.65
2022-11-15, 19:28:42.265552, 120000000, 125000000, 1000000.00, 20, -51.14, -60.36, -67.71, -65.93, -65.09
2022-11-15, 19:28:42.265552, 125000000, 130000000, 1000000.00, 20, -42.53, -44.25, -60.41, -50.85, -37.80
2022-11-15, 19:28:42.265552, 135000000, 140000000, 1000000.00, 20, -71.26, -67.93, -64.54, -54.50, -53.29
2022-11-15, 19:28:42.265552, 130000000, 135000000, 1000000.00, 20, -16.74, -28.87, -46.69, -42.73, -43.90
2022-11-15, 19:28:42.265552, 140000000, 145000000, 1000000.00, 20, -65.17, -65.91, -62.23, -63.40, -58.58
2022-11-15, 19:28:42.265552, 145000000, 150000000, 1000000.00, 20, -52.55, -45.75, -35.63, -17.70, -5.46
2022-11-15, 19:28:42.265552, 155000000, 160000000, 1000000.00, 20, -86.95, -55.53, -43.53, -25.37, -13.12
2022-11-15, 19:28:42.265552, 150000000, 155000000, 1000000.00, 20, -5.99, -17.97, -37.02, -44.28, -41.51
2022-11-15, 19:28:42.265552, 160000000, 165000000, 1000000.00, 20, -17.96, -30.29, -59.02, -51.49, -45.58
2022-11-15, 19:28:42.265552, 165000000, 170000000, 1000000.00, 20, -65.51, -60.35, -60.11, -65.47, -59.52
2022-11-15, 19:28:42.265552, 175000000, 180000000, 1000000.00, 20, -72.16, -66.70, -64.77, -64.85, -61.04
2022-11-15, 19:28:42.265552, 170000000, 175000000, 1000000.00, 20, -59.88, -61.64, -64.87, -64.44, -65.12
2022-11-15, 19:28:42.265552, 180000000, 185000000, 1000000.00, 20, -59.93, -59.11, -66.09, -66.61, -81.01
2022-11-15, 19:28:42.265552, 185000000, 190000000, 1000000.00, 20, -22.09, -21.54, -32.86, -52.51, -58.06
2022-11-15, 19:28:42.265552, 195000000, 200000000, 1000000.00, 20, -68.71, -68.03, -68.94, -67.60, -63.12
2022-11-15, 19:28:42.265552, 190000000, 195000000, 1000000.00, 20, -64.16, -75.98, -68.61, -67.35, -68.50
2022-11-15, 19:28:42.265552, 200000000, 205000000, 1000000.00, 20, -65.19, -53.27, -51.49, -53.17, -53.29
2022-11-15, 19:28:42.284915, 205000000, 210000000, 1000000.00, 20, -66.62, -53.38, -50.32, -61.55, -70.99
2022-11-15, 19:28:42.284915, 215000000, 220000000, 1000000.00, 20, -73.11, -62.12, -56.37, -56.30, -60.82
2022-11-15, 19:28:42.284915, 210000000, 215000000, 1000000.00, 20, -68.71, -61.34, -55.97, -59.82, -62.99
2022-11-15, 19:28:42.284915, 220000000, 225000000, 1000000.00, 20, -67.48, -63.12, -64.28, -64.22, -64.14
2022-11-15, 19:28:42.284915, 225000000, 230000000, 1000000.00, 20, -69.88, -67.01, -61.57, -58.16, -64.13
2022-11-15, 19:28:42.284915, 235000000, 240000000, 1000000.00, 20, -70.04, -69.70, -69.56, -59.73, -60.09
2022-11-15, 19:28:42.284915, 230000000, 235000000, 1000000.00, 20, -69.57, -65.86, -61.72, -61.90, -58.99
2022-11-15, 19:28:42.284915, 240000000, 245000000, 1000000.00, 20, -70.31, -65.04, -64.84, -65.16, -61.84
Iteration 16 Success
hackrf_sweep | ===SWEEPING DONE===
endConnection | hackrf_close() done
endConnection | hackrf_exit() done
hackrf_sweep | endConnection | Connection close with hackrf success
hackrf_sweep | initConfigHackRF | Success
hackrf_sweep | setHackRFParams | call hackrf_sample_rate_set(20.000 MHz)
setHackRFParams | call hackrf_baseband_filter_bandwidth_set(15.000 MHz)
hackrf_sweep | setHackRFParams | Success
hackrf_sweep | ===SWEEPING STARTED===
Iteration 17 started
2022-11-15, 19:28:42.569572, 45000000, 50000000, 1000000.00, 20, -59.08, -60.16, -71.24, -71.70, -67.81
2022-11-15, 19:28:42.569572, 55000000, 60000000, 1000000.00, 20, -70.69, -74.76, -71.76, -57.17, -46.21
2022-11-15, 19:28:42.569572, 50000000, 55000000, 1000000.00, 20, -64.09, -58.94, -62.89, -77.49, -74.24
2022-11-15, 19:28:42.569572, 60000000, 65000000, 1000000.00, 20, -55.23, -58.00, -63.04, -66.61, -69.55
2022-11-15, 19:28:42.569572, 65000000, 70000000, 1000000.00, 20, -72.89, -64.62, -62.85, -69.81, -73.46
2022-11-15, 19:28:42.569572, 75000000, 80000000, 1000000.00, 20, -63.75, -65.66, -77.47, -61.39, -56.35
2022-11-15, 19:28:42.569572, 70000000, 75000000, 1000000.00, 20, -67.47, -62.60, -60.02, -59.18, -68.00
2022-11-15, 19:28:42.569572, 80000000, 85000000, 1000000.00, 20, -61.16, -68.71, -68.19, -65.46, -68.36
2022-11-15, 19:28:42.569572, 85000000, 90000000, 1000000.00, 20, -62.44, -67.79, -72.91, -69.30, -66.40
2022-11-15, 19:28:42.569572, 95000000, 100000000, 1000000.00, 20, -53.82, -70.48, -59.53, -59.94, -56.35
2022-11-15, 19:28:42.569572, 90000000, 95000000, 1000000.00, 20, -58.11, -59.00, -60.12, -65.91, -68.46
2022-11-15, 19:28:42.569572, 100000000, 105000000, 1000000.00, 20, -66.00, -64.23, -64.26, -61.86, -61.51
2022-11-15, 19:28:42.569572, 105000000, 110000000, 1000000.00, 20, -38.04, -46.90, -61.98, -67.51, -70.87
2022-11-15, 19:28:42.569572, 115000000, 120000000, 1000000.00, 20, -71.73, -72.96, -64.14, -66.40, -55.12
2022-11-15, 19:28:42.569572, 110000000, 115000000, 1000000.00, 20, -71.42, -79.45, -68.39, -62.36, -59.83
2022-11-15, 19:28:42.569572, 120000000, 125000000, 1000000.00, 20, -49.05, -56.43, -68.98, -73.54, -84.01
2022-11-15, 19:28:42.569572, 125000000, 130000000, 1000000.00, 20, -42.75, -44.43, -57.45, -53.18, -38.39
2022-11-15, 19:28:42.569572, 135000000, 140000000, 1000000.00, 20, -63.58, -64.86, -62.13, -61.54, -65.63
2022-11-15, 19:28:42.569572, 130000000, 135000000, 1000000.00, 20, -16.73, -28.83, -44.30, -43.71, -43.23
2022-11-15, 19:28:42.569572, 140000000, 145000000, 1000000.00, 20, -69.98, -62.17, -63.35, -67.88, -59.63
2022-11-15, 19:28:42.569572, 145000000, 150000000, 1000000.00, 20, -50.16, -47.13, -35.72, -18.48, -6.08
2022-11-15, 19:28:42.569572, 155000000, 160000000, 1000000.00, 20, -55.07, -59.77, -47.32, -30.78, -18.76
2022-11-15, 19:28:42.569572, 150000000, 155000000, 1000000.00, 20, -6.07, -18.31, -36.01, -46.43, -57.01
2022-11-15, 19:28:42.569572, 160000000, 165000000, 1000000.00, 20, -19.54, -31.71, -49.38, -59.86, -53.63
2022-11-15, 19:28:42.569572, 165000000, 170000000, 1000000.00, 20, -59.22, -61.89, -70.12, -76.48, -59.29
2022-11-15, 19:28:42.569572, 175000000, 180000000, 1000000.00, 20, -66.53, -66.22, -69.01, -84.29, -65.04
2022-11-15, 19:28:42.569572, 170000000, 175000000, 1000000.00, 20, -72.19, -71.44, -63.12, -65.56, -63.38
2022-11-15, 19:28:42.569572, 180000000, 185000000, 1000000.00, 20, -64.70, -60.00, -63.95, -66.12, -64.08
2022-11-15, 19:28:42.569572, 185000000, 190000000, 1000000.00, 20, -22.12, -21.53, -32.88, -51.87, -57.60
2022-11-15, 19:28:42.569572, 195000000, 200000000, 1000000.00, 20, -79.21, -71.49, -65.72, -71.07, -72.66
2022-11-15, 19:28:42.569572, 190000000, 195000000, 1000000.00, 20, -62.62, -74.82, -68.97, -63.56, -72.35
2022-11-15, 19:28:42.569572, 200000000, 205000000, 1000000.00, 20, -63.13, -55.67, -59.72, -57.67, -58.65
2022-11-15, 19:28:42.593978, 205000000, 210000000, 1000000.00, 20, -60.76, -50.71, -48.75, -57.85, -72.73
2022-11-15, 19:28:42.593978, 215000000, 220000000, 1000000.00, 20, -63.56, -62.97, -66.72, -62.22, -53.57
2022-11-15, 19:28:42.593978, 210000000, 215000000, 1000000.00, 20, -58.51, -63.19, -65.13, -62.10, -59.00
2022-11-15, 19:28:42.593978, 220000000, 225000000, 1000000.00, 20, -61.37, -62.45, -65.14, -72.03, -70.33
2022-11-15, 19:28:42.593978, 225000000, 230000000, 1000000.00, 20, -66.29, -68.77, -65.80, -61.08, -62.97
2022-11-15, 19:28:42.593978, 235000000, 240000000, 1000000.00, 20, -63.69, -64.67, -63.95, -63.50, -66.94
2022-11-15, 19:28:42.593978, 230000000, 235000000, 1000000.00, 20, -63.60, -62.44, -61.01, -60.11, -60.75
2022-11-15, 19:28:42.593978, 240000000, 245000000, 1000000.00, 20, -61.48, -64.68, -75.77, -68.93, -67.76
Iteration 17 Success
hackrf_sweep | ===SWEEPING DONE===
endConnection | hackrf_close() done
endConnection | hackrf_exit() done
hackrf_sweep | endConnection | Connection close with hackrf success
hackrf_sweep | initConfigHackRF | Success
hackrf_sweep | setHackRFParams | call hackrf_sample_rate_set(20.000 MHz)
setHackRFParams | call hackrf_baseband_filter_bandwidth_set(15.000 MHz)
hackrf_sweep | setHackRFParams | Success
hackrf_sweep | ===SWEEPING STARTED===
Iteration 18 started
2022-11-15, 19:28:42.874913, 45000000, 50000000, 1000000.00, 20, -56.59, -60.23, -65.72, -62.12, -64.09
2022-11-15, 19:28:42.874913, 55000000, 60000000, 1000000.00, 20, -72.75, -64.61, -77.95, -58.69, -46.08
2022-11-15, 19:28:42.874913, 50000000, 55000000, 1000000.00, 20, -75.99, -77.44, -67.58, -65.00, -63.95
2022-11-15, 19:28:42.874913, 60000000, 65000000, 1000000.00, 20, -63.72, -63.89, -62.44, -62.52, -62.93
2022-11-15, 19:28:42.874913, 65000000, 70000000, 1000000.00, 20, -61.26, -61.35, -60.26, -64.31, -66.19
2022-11-15, 19:28:42.874913, 75000000, 80000000, 1000000.00, 20, -79.91, -65.59, -61.40, -61.76, -54.82
2022-11-15, 19:28:42.874913, 70000000, 75000000, 1000000.00, 20, -63.57, -77.35, -70.81, -63.52, -67.91
2022-11-15, 19:28:42.874913, 80000000, 85000000, 1000000.00, 20, -63.58, -66.70, -70.51, -75.41, -66.44
2022-11-15, 19:28:42.874913, 85000000, 90000000, 1000000.00, 20, -56.67, -60.97, -61.79, -64.91, -73.26
2022-11-15, 19:28:42.874913, 95000000, 100000000, 1000000.00, 20, -53.92, -64.76, -55.59, -56.46, -60.69
2022-11-15, 19:28:42.874913, 90000000, 95000000, 1000000.00, 20, -62.00, -62.16, -58.78, -62.83, -68.11
2022-11-15, 19:28:42.874913, 100000000, 105000000, 1000000.00, 20, -81.60, -64.29, -75.98, -65.33, -61.21
2022-11-15, 19:28:42.874913, 105000000, 110000000, 1000000.00, 20, -37.01, -47.49, -70.79, -60.31, -60.39
2022-11-15, 19:28:42.874913, 115000000, 120000000, 1000000.00, 20, -63.83, -59.36, -63.44, -87.17, -70.54
2022-11-15, 19:28:42.874913, 110000000, 115000000, 1000000.00, 20, -70.98, -68.38, -67.48, -62.70, -63.09
2022-11-15, 19:28:42.874913, 120000000, 125000000, 1000000.00, 20, -50.40, -60.20, -63.98, -64.52, -67.24
2022-11-15, 19:28:42.874913, 125000000, 130000000, 1000000.00, 20, -44.84, -45.35, -57.19, -48.14, -37.64
2022-11-15, 19:28:42.874913, 135000000, 140000000, 1000000.00, 20, -63.84, -63.23, -64.21, -59.62, -58.82
2022-11-15, 19:28:42.874913, 130000000, 135000000, 1000000.00, 20, -16.70, -29.08, -44.37, -43.85, -43.65
2022-11-15, 19:28:42.874913, 140000000, 145000000, 1000000.00, 20, -60.02, -63.67, -65.86, -62.83, -56.42
2022-11-15, 19:28:42.874913, 145000000, 150000000, 1000000.00, 20, -55.80, -46.33, -35.70, -17.70, -5.46
2022-11-15, 19:28:42.874913, 155000000, 160000000, 1000000.00, 20, -55.40, -52.17, -43.11, -25.35, -13.12
2022-11-15, 19:28:42.874913, 150000000, 155000000, 1000000.00, 20, -5.82, -18.05, -35.40, -47.01, -42.90
2022-11-15, 19:28:42.874913, 160000000, 165000000, 1000000.00, 20, -15.96, -28.45, -43.51, -60.95, -52.00
2022-11-15, 19:28:42.874913, 165000000, 170000000, 1000000.00, 20, -64.07, -68.87, -76.39, -75.75, -61.74
2022-11-15, 19:28:42.874913, 175000000, 180000000, 1000000.00, 20, -69.93, -67.64, -60.72, -64.04, -74.51
2022-11-15, 19:28:42.874913, 170000000, 175000000, 1000000.00, 20, -66.85, -68.24, -66.88, -69.92, -64.09
2022-11-15, 19:28:42.874913, 180000000, 185000000, 1000000.00, 20, -59.90, -62.59, -69.59, -59.54, -58.57
2022-11-15, 19:28:42.874913, 185000000, 190000000, 1000000.00, 20, -22.23, -21.48, -32.35, -56.17, -57.09
2022-11-15, 19:28:42.874913, 195000000, 200000000, 1000000.00, 20, -65.28, -63.34, -61.34, -61.42, -64.16
2022-11-15, 19:28:42.874913, 190000000, 195000000, 1000000.00, 20, -66.11, -63.57, -62.59, -62.70, -59.53
2022-11-15, 19:28:42.874913, 200000000, 205000000, 1000000.00, 20, -60.42, -52.11, -52.17, -53.77, -55.90
2022-11-15, 19:28:42.894699, 205000000, 210000000, 1000000.00, 20, -66.89, -51.94, -49.97, -58.91, -63.08
2022-11-15, 19:28:42.894699, 215000000, 220000000, 1000000.00, 20, -66.02, -75.85, -75.07, -62.09, -57.96
2022-11-15, 19:28:42.894699, 210000000, 215000000, 1000000.00, 20, -59.71, -63.52, -66.38, -67.07, -71.24
2022-11-15, 19:28:42.894699, 220000000, 225000000, 1000000.00, 20, -68.01, -68.97, -69.85, -66.42, -63.79
2022-11-15, 19:28:42.894699, 225000000, 230000000, 1000000.00, 20, -69.87, -66.22, -64.36, -68.49, -68.83
2022-11-15, 19:28:42.894699, 235000000, 240000000, 1000000.00, 20, -64.06, -62.37, -67.44, -69.10, -64.04
2022-11-15, 19:28:42.894699, 230000000, 235000000, 1000000.00, 20, -64.13, -61.54, -69.64, -66.55, -68.44
2022-11-15, 19:28:42.894699, 240000000, 245000000, 1000000.00, 20, -74.58, -67.94, -81.09, -62.09, -60.96
Iteration 18 Success
hackrf_sweep | ===SWEEPING DONE===
endConnection | hackrf_close() done
endConnection | hackrf_exit() done
hackrf_sweep | endConnection | Connection close with hackrf success
hackrf_sweep | initConfigHackRF | Success
hackrf_sweep | setHackRFParams | call hackrf_sample_rate_set(20.000 MHz)
setHackRFParams | call hackrf_baseband_filter_bandwidth_set(15.000 MHz)
hackrf_sweep | setHackRFParams | Success
hackrf_sweep | ===SWEEPING STARTED===
Iteration 19 started
2022-11-15, 19:28:43.180684, 45000000, 50000000, 1000000.00, 20, -57.75, -74.90, -65.43, -62.88, -64.03
2022-11-15, 19:28:43.180684, 55000000, 60000000, 1000000.00, 20, -68.10, -69.10, -74.15, -56.84, -45.54
2022-11-15, 19:28:43.180684, 50000000, 55000000, 1000000.00, 20, -67.21, -66.63, -71.19, -65.95, -65.14
2022-11-15, 19:28:43.180684, 60000000, 65000000, 1000000.00, 20, -64.09, -61.10, -61.41, -63.69, -60.56
2022-11-15, 19:28:43.180684, 65000000, 70000000, 1000000.00, 20, -60.84, -66.43, -69.87, -66.24, -64.46
2022-11-15, 19:28:43.180684, 75000000, 80000000, 1000000.00, 20, -62.53, -58.22, -66.35, -69.72, -61.64
2022-11-15, 19:28:43.180684, 70000000, 75000000, 1000000.00, 20, -69.96, -68.07, -85.08, -73.80, -65.23
2022-11-15, 19:28:43.180684, 80000000, 85000000, 1000000.00, 20, -83.04, -71.79, -67.30, -84.90, -75.01
2022-11-15, 19:28:43.180684, 85000000, 90000000, 1000000.00, 20, -62.39, -58.76, -61.18, -62.64, -59.02
2022-11-15, 19:28:43.180684, 95000000, 100000000, 1000000.00, 20, -53.75, -74.45, -57.47, -60.64, -64.25
2022-11-15, 19:28:43.180684, 90000000, 95000000, 1000000.00, 20, -55.48, -54.84, -60.59, -78.79, -66.42
2022-11-15, 19:28:43.180684, 100000000, 105000000, 1000000.00, 20, -60.69, -72.30, -61.74, -55.92, -58.63
2022-11-15, 19:28:43.180684, 105000000, 110000000, 1000000.00, 20, -35.48, -45.47, -67.02, -59.64, -68.72
2022-11-15, 19:28:43.180684, 115000000, 120000000, 1000000.00, 20, -70.70, -74.17, -65.76, -66.58, -52.67
2022-11-15, 19:28:43.180684, 110000000, 115000000, 1000000.00, 20, -57.62, -57.35, -58.12, -59.95, -62.24
2022-11-15, 19:28:43.180684, 120000000, 125000000, 1000000.00, 20, -52.27, -62.33, -60.19, -71.47, -60.18
2022-11-15, 19:28:43.180684, 125000000, 130000000, 1000000.00, 20, -42.97, -44.28, -53.66, -50.87, -37.76
2022-11-15, 19:28:43.180684, 135000000, 140000000, 1000000.00, 20, -62.08, -69.19, -60.61, -57.74, -59.29
2022-11-15, 19:28:43.180684, 130000000, 135000000, 1000000.00, 20, -16.70, -28.88, -45.74, -44.34, -45.61
2022-11-15, 19:28:43.180684, 140000000, 145000000, 1000000.00, 20, -56.35, -57.57, -56.66, -59.97, -59.91
2022-11-15, 19:28:43.180684, 145000000, 150000000, 1000000.00, 20, -52.55, -45.75, -35.63, -17.70, -5.46
2022-11-15, 19:28:43.180684, 155000000, 160000000, 1000000.00, 20, -86.95, -55.53, -43.53, -25.37, -13.12
2022-11-15, 19:28:43.180684, 150000000, 155000000, 1000000.00, 20, -6.01, -18.09, -36.35, -44.93, -47.78
2022-11-15, 19:28:43.180684, 160000000, 165000000, 1000000.00, 20, -18.93, -31.41, -48.89, -52.11, -53.12
2022-11-15, 19:28:43.180684, 165000000, 170000000, 1000000.00, 20, -65.09, -61.00, -63.81, -66.47, -73.94
2022-11-15, 19:28:43.180684, 175000000, 180000000, 1000000.00, 20, -78.43, -71.41, -61.72, -62.43, -63.89
2022-11-15, 19:28:43.180684, 170000000, 175000000, 1000000.00, 20, -76.25, -71.87, -66.10, -58.38, -56.64
2022-11-15, 19:28:43.180684, 180000000, 185000000, 1000000.00, 20, -64.79, -62.69, -64.96, -87.05, -67.76
2022-11-15, 19:28:43.180684, 185000000, 190000000, 1000000.00, 20, -22.04, -21.53, -32.91, -52.79, -60.19
2022-11-15, 19:28:43.180684, 195000000, 200000000, 1000000.00, 20, -64.08, -59.72, -66.49, -67.24, -75.03
2022-11-15, 19:28:43.180684, 190000000, 195000000, 1000000.00, 20, -61.62, -66.18, -62.77, -70.87, -67.31
2022-11-15, 19:28:43.180684, 200000000, 205000000, 1000000.00, 20, -58.41, -52.78, -54.71, -62.57, -60.75
2022-11-15, 19:28:43.200396, 205000000, 210000000, 1000000.00, 20, -63.15, -48.93, -47.03, -55.47, -61.75
2022-11-15, 19:28:43.200396, 215000000, 220000000, 1000000.00, 20, -74.11, -63.23, -66.27, -67.04, -67.78
2022-11-15, 19:28:43.200396, 210000000, 215000000, 1000000.00, 20, -57.96, -58.48, -75.05, -66.31, -79.45
2022-11-15, 19:28:43.200396, 220000000, 225000000, 1000000.00, 20, -71.66, -66.23, -67.16, -64.18, -61.77
2022-11-15, 19:28:43.200396, 225000000, 230000000, 1000000.00, 20, -60.13, -71.20, -66.70, -68.81, -62.77
2022-11-15, 19:28:43.200396, 235000000, 240000000, 1000000.00, 20, -69.02, -71.31, -71.76, -75.17, -63.19
2022-11-15, 19:28:43.200396, 230000000, 235000000, 1000000.00, 20, -68.90, -64.58, -61.45, -65.51, -69.74
2022-11-15, 19:28:43.200396, 240000000, 245000000, 1000000.00, 20, -69.82, -68.88, -67.30, -60.80, -65.85
Iteration 19 Success
hackrf_sweep | ===SWEEPING DONE===
endConnection | hackrf_close() done
endConnection | hackrf_exit() done
hackrf_sweep | endConnection | Connection close with hackrf success
hackrf_sweep | initConfigHackRF | Success
hackrf_sweep | setHackRFParams | call hackrf_sample_rate_set(20.000 MHz)
setHackRFParams | call hackrf_baseband_filter_bandwidth_set(15.000 MHz)
hackrf_sweep | setHackRFParams | Success
hackrf_sweep | ===SWEEPING STARTED===
Iteration 20 started
2022-11-15, 19:28:43.484128, 45000000, 50000000, 1000000.00, 20, -67.82, -61.43, -72.19, -65.58, -71.93
2022-11-15, 19:28:43.484128, 55000000, 60000000, 1000000.00, 20, -60.47, -65.43, -61.32, -64.79, -47.38
2022-11-15, 19:28:43.484128, 50000000, 55000000, 1000000.00, 20, -59.75, -63.72, -69.32, -64.50, -76.72
2022-11-15, 19:28:43.484128, 60000000, 65000000, 1000000.00, 20, -58.98, -57.39, -60.51, -61.90, -59.98
2022-11-15, 19:28:43.484128, 65000000, 70000000, 1000000.00, 20, -63.93, -67.51, -63.22, -73.78, -64.83
2022-11-15, 19:28:43.484128, 75000000, 80000000, 1000000.00, 20, -61.56, -58.85, -64.30, -66.49, -60.29
2022-11-15, 19:28:43.484128, 70000000, 75000000, 1000000.00, 20, -67.99, -64.07, -59.31, -59.29, -64.69
2022-11-15, 19:28:43.484128, 80000000, 85000000, 1000000.00, 20, -64.74, -61.51, -65.24, -74.70, -70.72
2022-11-15, 19:28:43.484128, 85000000, 90000000, 1000000.00, 20, -64.07, -71.41, -63.14, -59.84, -63.19
2022-11-15, 19:28:43.484128, 95000000, 100000000, 1000000.00, 20, -53.10, -65.95, -61.79, -68.60, -72.36
2022-11-15, 19:28:43.484128, 90000000, 95000000, 1000000.00, 20, -62.70, -65.31, -68.47, -63.17, -62.10
2022-11-15, 19:28:43.484128, 100000000, 105000000, 1000000.00, 20, -60.39, -63.51, -73.29, -66.03, -60.74
2022-11-15, 19:28:43.484128, 105000000, 110000000, 1000000.00, 20, -36.36, -46.78, -74.78, -63.44, -65.69
2022-11-15, 19:28:43.484128, 115000000, 120000000, 1000000.00, 20, -57.69, -58.76, -65.41, -66.54, -55.18
2022-11-15, 19:28:43.484128, 110000000, 115000000, 1000000.00, 20, -64.27, -64.07, -58.86, -66.35, -64.78
2022-11-15, 19:28:43.484128, 120000000, 125000000, 1000000.00, 20, -49.92, -60.97, -70.79, -75.04, -63.36
2022-11-15, 19:28:43.484128, 125000000, 130000000, 1000000.00, 20, -43.27, -44.28, -54.99, -49.73, -38.23
2022-11-15, 19:28:43.484128, 135000000, 140000000, 1000000.00, 20, -58.67, -59.44, -64.29, -59.27, -59.96
2022-11-15, 19:28:43.484128, 130000000, 135000000, 1000000.00, 20, -16.75, -29.13, -51.68, -40.98, -43.95
2022-11-15, 19:28:43.484128, 140000000, 145000000, 1000000.00, 20, -64.25, -76.40, -66.28, -69.39, -59.28
2022-11-15, 19:28:43.484128, 145000000, 150000000, 1000000.00, 20, -53.30, -45.45, -36.66, -18.25, -5.99
2022-11-15, 19:28:43.484128, 155000000, 160000000, 1000000.00, 20, -62.40, -57.55, -48.72, -29.38, -17.50
2022-11-15, 19:28:43.484128, 150000000, 155000000, 1000000.00, 20, -6.04, -18.27, -36.77, -44.16, -41.30
2022-11-15, 19:28:43.484128, 160000000, 165000000, 1000000.00, 20, -17.34, -29.60, -47.47, -50.04, -45.08
2022-11-15, 19:28:43.484128, 165000000, 170000000, 1000000.00, 20, -59.82, -62.56, -68.97, -78.85, -61.86
2022-11-15, 19:28:43.484128, 175000000, 180000000, 1000000.00, 20, -71.65, -68.34, -68.02, -61.54, -58.72
2022-11-15, 19:28:43.484128, 170000000, 175000000, 1000000.00, 20, -60.87, -62.18, -72.83, -73.42, -67.11
2022-11-15, 19:28:43.484128, 180000000, 185000000, 1000000.00, 20, -59.29, -58.26, -58.18, -69.90, -67.92
2022-11-15, 19:28:43.484128, 185000000, 190000000, 1000000.00, 20, -22.25, -21.62, -32.98, -50.95, -79.81
2022-11-15, 19:28:43.484128, 195000000, 200000000, 1000000.00, 20, -67.30, -65.19, -70.44, -67.05, -61.65
2022-11-15, 19:28:43.484128, 190000000, 195000000, 1000000.00, 20, -67.18, -71.88, -70.13, -66.63, -59.82
2022-11-15, 19:28:43.484128, 200000000, 205000000, 1000000.00, 20, -66.56, -56.83, -56.20, -58.19, -57.02
2022-11-15, 19:28:43.504026, 205000000, 210000000, 1000000.00, 20, -73.08, -52.90, -50.02, -61.19, -58.35
2022-11-15, 19:28:43.504026, 215000000, 220000000, 1000000.00, 20, -64.09, -62.69, -63.12, -59.11, -62.27
2022-11-15, 19:28:43.504026, 210000000, 215000000, 1000000.00, 20, -59.48, -62.84, -66.78, -76.95, -71.12
2022-11-15, 19:28:43.504026, 220000000, 225000000, 1000000.00, 20, -65.40, -66.35, -61.34, -64.25, -70.54
2022-11-15, 19:28:43.504026, 225000000, 230000000, 1000000.00, 20, -75.48, -64.44, -58.37, -58.48, -62.36
2022-11-15, 19:28:43.504026, 235000000, 240000000, 1000000.00, 20, -73.24, -66.08, -71.22, -63.17, -60.49
2022-11-15, 19:28:43.504026, 230000000, 235000000, 1000000.00, 20, -68.33, -66.11, -57.73, -58.37, -63.36
2022-11-15, 19:28:43.504026, 240000000, 245000000, 1000000.00, 20, -61.59, -61.54, -59.97, -63.70, -65.79
Iteration 20 Success
hackrf_sweep | ===SWEEPING DONE===
endConnection | hackrf_close() done
endConnection | hackrf_exit() done
hackrf_sweep | endConnection | Connection close with hackrf success
hackrf_sweep | initConfigHackRF | Success
hackrf_sweep | setHackRFParams | call hackrf_sample_rate_set(20.000 MHz)
setHackRFParams | call hackrf_baseband_filter_bandwidth_set(15.000 MHz)
hackrf_sweep | setHackRFParams | Success
hackrf_sweep | sweepDurationhackrf_sweep | All triggering actions(20) where completed
Iterations: 20 ||	Total duration: 5.01 s ||	 Total sweep time : -13413.66 s ||	 sweepingTime/totalDuration: -267747.19%
endConnection | hackrf_close() done
endConnection | hackrf_exit() done
hackrf_sweep | endConnection | Connection close with hackrf success
hackrf_sweep | The dynamic memory used was successfully released.
END.
