This file contains any messages produced by compilers while
running configure, to aid debugging if configure makes a mistake.

It was created by configure, which was
generated by GNU Autoconf 2.71.  Invocation command line was

  $ ./configure --prefix=/usr1/local

## --------- ##
## Platform. ##
## --------- ##

hostname = manolo-virtual-machine
uname -m = x86_64
uname -r = 5.15.0-56-generic
uname -s = Linux
uname -v = #62~20.04.1-Ubuntu SMP Tue Nov 22 21:24:20 UTC 2022

/usr/bin/uname -p = x86_64
/bin/uname -X     = unknown

/bin/arch              = x86_64
/usr/bin/arch -k       = unknown
/usr/convex/getsysinfo = unknown
/usr/bin/hostinfo      = unknown
/bin/machine           = unknown
/usr/bin/oslevel       = unknown
/bin/universe          = unknown

PATH: /home/manolo/.local/bin/
PATH: /home/manolo/.local/bin/
PATH: /usr/local/sbin/
PATH: /usr/local/bin/
PATH: /usr/sbin/
PATH: /usr/bin/
PATH: /sbin/
PATH: /bin/
PATH: /usr/games/
PATH: /usr/local/games/
PATH: /snap/bin/


## ----------- ##
## Core tests. ##
## ----------- ##

configure:2296: looking for aux files: config.guess config.sub
configure:2309:  trying ./
configure:2338:   ./config.guess found
configure:2338:   ./config.sub found
configure:2457: checking build system type
configure:2472: result: x86_64-pc-linux-gnu
configure:2492: checking host system type
configure:2506: result: x86_64-pc-linux-gnu
configure:2526: checking target system type
configure:2540: result: x86_64-pc-linux-gnu
configure:2708: checking for gcc
configure:2729: found /usr/bin/gcc
configure:2740: result: gcc
configure:3093: checking for C compiler version
configure:3102: gcc --version >&5
gcc (Ubuntu 9.4.0-1ubuntu1~20.04.1) 9.4.0
Copyright (C) 2019 Free Software Foundation, Inc.
This is free software; see the source for copying conditions.  There is NO
warranty; not even for MERCHANTABILITY or FITNESS FOR A PARTICULAR PURPOSE.

configure:3113: $? = 0
configure:3102: gcc -v >&5
Using built-in specs.
COLLECT_GCC=gcc
COLLECT_LTO_WRAPPER=/usr/lib/gcc/x86_64-linux-gnu/9/lto-wrapper
OFFLOAD_TARGET_NAMES=nvptx-none:hsa
OFFLOAD_TARGET_DEFAULT=1
Target: x86_64-linux-gnu
Configured with: ../src/configure -v --with-pkgversion='Ubuntu 9.4.0-1ubuntu1~20.04.1' --with-bugurl=file:///usr/share/doc/gcc-9/README.Bugs --enable-languages=c,ada,c++,go,brig,d,fortran,objc,obj-c++,gm2 --prefix=/usr --with-gcc-major-version-only --program-suffix=-9 --program-prefix=x86_64-linux-gnu- --enable-shared --enable-linker-build-id --libexecdir=/usr/lib --without-included-gettext --enable-threads=posix --libdir=/usr/lib --enable-nls --enable-clocale=gnu --enable-libstdcxx-debug --enable-libstdcxx-time=yes --with-default-libstdcxx-abi=new --enable-gnu-unique-object --disable-vtable-verify --enable-plugin --enable-default-pie --with-system-zlib --with-target-system-zlib=auto --enable-objc-gc=auto --enable-multiarch --disable-werror --with-arch-32=i686 --with-abi=m64 --with-multilib-list=m32,m64,mx32 --enable-multilib --with-tune=generic --enable-offload-targets=nvptx-none=/build/gcc-9-Av3uEd/gcc-9-9.4.0/debian/tmp-nvptx/usr,hsa --without-cuda-driver --enable-checking=release --build=x86_64-linux-gnu --host=x86_64-linux-gnu --target=x86_64-linux-gnu
Thread model: posix
gcc version 9.4.0 (Ubuntu 9.4.0-1ubuntu1~20.04.1) 
configure:3113: $? = 0
configure:3102: gcc -V >&5
gcc: error: unrecognized command line option '-V'
gcc: fatal error: no input files
compilation terminated.
configure:3113: $? = 1
configure:3102: gcc -qversion >&5
gcc: error: unrecognized command line option '-qversion'; did you mean '--version'?
gcc: fatal error: no input files
compilation terminated.
configure:3113: $? = 1
configure:3102: gcc -version >&5
gcc: error: unrecognized command line option '-version'
gcc: fatal error: no input files
compilation terminated.
configure:3113: $? = 1
configure:3133: checking whether the C compiler works
configure:3155: gcc    conftest.c  >&5
configure:3159: $? = 0
configure:3209: result: yes
configure:3212: checking for C compiler default output file name
configure:3214: result: a.out
configure:3220: checking for suffix of executables
configure:3227: gcc -o conftest    conftest.c  >&5
configure:3231: $? = 0
configure:3254: result: 
configure:3276: checking whether we are cross compiling
configure:3284: gcc -o conftest    conftest.c  >&5
configure:3288: $? = 0
configure:3295: ./conftest
configure:3299: $? = 0
configure:3287: result: no
configure:3292: checking for suffix of object files
configure:3315: gcc -c   conftest.c >&5
configure:3319: $? = 0
configure:3341: result: o
configure:3345: checking whether the compiler supports GNU C
configure:3365: gcc -c   conftest.c >&5
configure:3365: $? = 0
configure:3375: result: yes
configure:3386: checking whether gcc accepts -g
configure:3407: gcc -c -g  conftest.c >&5
configure:3407: $? = 0
configure:3451: result: yes
configure:3471: checking for gcc option to enable C11 features
configure:3486: gcc  -c -g -O2  conftest.c >&5
configure:3486: $? = 0
configure:3504: result: none needed
configure:3619: checking for stdio.h
configure:3619: gcc -c -g -O2  conftest.c >&5
configure:3619: $? = 0
configure:3619: result: yes
configure:3619: checking for stdlib.h
configure:3619: gcc -c -g -O2  conftest.c >&5
configure:3619: $? = 0
configure:3619: result: yes
configure:3619: checking for string.h
configure:3619: gcc -c -g -O2  conftest.c >&5
configure:3619: $? = 0
configure:3619: result: yes
configure:3619: checking for inttypes.h
configure:3619: gcc -c -g -O2  conftest.c >&5
configure:3619: $? = 0
configure:3619: result: yes
configure:3619: checking for stdint.h
configure:3619: gcc -c -g -O2  conftest.c >&5
configure:3619: $? = 0
configure:3619: result: yes
configure:3619: checking for strings.h
configure:3619: gcc -c -g -O2  conftest.c >&5
configure:3619: $? = 0
configure:3619: result: yes
configure:3619: checking for sys/stat.h
configure:3619: gcc -c -g -O2  conftest.c >&5
configure:3619: $? = 0
configure:3619: result: yes
configure:3619: checking for sys/types.h
configure:3619: gcc -c -g -O2  conftest.c >&5
configure:3619: $? = 0
configure:3619: result: yes
configure:3619: checking for unistd.h
configure:3619: gcc -c -g -O2  conftest.c >&5
configure:3619: $? = 0
configure:3619: result: yes
configure:3949: checking for gcc
configure:3981: result: gcc
configure:4334: checking for C compiler version
configure:4343: gcc --version >&5
gcc (Ubuntu 9.4.0-1ubuntu1~20.04.1) 9.4.0
Copyright (C) 2019 Free Software Foundation, Inc.
This is free software; see the source for copying conditions.  There is NO
warranty; not even for MERCHANTABILITY or FITNESS FOR A PARTICULAR PURPOSE.

configure:4354: $? = 0
configure:4343: gcc -v >&5
Using built-in specs.
COLLECT_GCC=gcc
COLLECT_LTO_WRAPPER=/usr/lib/gcc/x86_64-linux-gnu/9/lto-wrapper
OFFLOAD_TARGET_NAMES=nvptx-none:hsa
OFFLOAD_TARGET_DEFAULT=1
Target: x86_64-linux-gnu
Configured with: ../src/configure -v --with-pkgversion='Ubuntu 9.4.0-1ubuntu1~20.04.1' --with-bugurl=file:///usr/share/doc/gcc-9/README.Bugs --enable-languages=c,ada,c++,go,brig,d,fortran,objc,obj-c++,gm2 --prefix=/usr --with-gcc-major-version-only --program-suffix=-9 --program-prefix=x86_64-linux-gnu- --enable-shared --enable-linker-build-id --libexecdir=/usr/lib --without-included-gettext --enable-threads=posix --libdir=/usr/lib --enable-nls --enable-clocale=gnu --enable-libstdcxx-debug --enable-libstdcxx-time=yes --with-default-libstdcxx-abi=new --enable-gnu-unique-object --disable-vtable-verify --enable-plugin --enable-default-pie --with-system-zlib --with-target-system-zlib=auto --enable-objc-gc=auto --enable-multiarch --disable-werror --with-arch-32=i686 --with-abi=m64 --with-multilib-list=m32,m64,mx32 --enable-multilib --with-tune=generic --enable-offload-targets=nvptx-none=/build/gcc-9-Av3uEd/gcc-9-9.4.0/debian/tmp-nvptx/usr,hsa --without-cuda-driver --enable-checking=release --build=x86_64-linux-gnu --host=x86_64-linux-gnu --target=x86_64-linux-gnu
Thread model: posix
gcc version 9.4.0 (Ubuntu 9.4.0-1ubuntu1~20.04.1) 
configure:4354: $? = 0
configure:4343: gcc -V >&5
gcc: error: unrecognized command line option '-V'
gcc: fatal error: no input files
compilation terminated.
configure:4354: $? = 1
configure:4343: gcc -qversion >&5
gcc: error: unrecognized command line option '-qversion'; did you mean '--version'?
gcc: fatal error: no input files
compilation terminated.
configure:4354: $? = 1
configure:4343: gcc -version >&5
gcc: error: unrecognized command line option '-version'
gcc: fatal error: no input files
compilation terminated.
configure:4354: $? = 1
configure:4358: checking whether the compiler supports GNU C
configure:4388: result: yes
configure:4399: checking whether gcc accepts -g
configure:4464: result: yes
configure:4484: checking for gcc option to enable C11 features
configure:4517: result: none needed
configure:4657: checking for gfortran
configure:4692: result: no
configure:4657: checking for g95
configure:4692: result: no
configure:4657: checking for g77
configure:4692: result: no
configure:4657: checking for f77
configure:4692: result: no
configure:4657: checking for ifort
configure:4692: result: no
configure:4657: checking for f95
configure:4692: result: no
configure:4657: checking for f90
configure:4692: result: no
configure:4657: checking for xlf
configure:4692: result: no
configure:4657: checking for cf77
configure:4692: result: no
configure:4657: checking for gf77
configure:4692: result: no
configure:4657: checking for af77
configure:4692: result: no
configure:4657: checking for ncf
configure:4692: result: no
configure:4657: checking for f2c
configure:4692: result: no
configure:4702: WARNING: cfitsio: == No acceptable Fortran compiler found in $PATH
configure:4704: cfitsio: == Adding wrapper support for GNU Fortran by default
configure:4734: checking for ar
configure:4755: found /usr/bin/ar
configure:4767: result: ar
configure:4829: checking for ranlib
configure:4850: found /usr/bin/ranlib
configure:4861: result: ranlib
configure:4887: checking for stdlib.h
configure:4887: result: yes
configure:4887: checking for string.h
configure:4887: result: yes
configure:4887: checking for math.h
configure:4887: gcc -c -g -O2  conftest.c >&5
configure:4887: $? = 0
configure:4887: result: yes
configure:4887: checking for limits.h
configure:4887: gcc -c -g -O2  conftest.c >&5
configure:4887: $? = 0
configure:4887: result: yes
configure:4910: gcc -c -g -O2  conftest.c >&5
configure:4910: $? = 0
configure:5251: checking for curl-config
configure:5286: result: no
configure:5314: WARNING: curl-config not found. Disabling curl support.
configure:5326: checking for inflateEnd in -lz
configure:5349: gcc -o conftest -g -O2 -Dg77Fortran -fPIC  -g -O2 conftest.c -lz   >&5
configure:5349: $? = 0
configure:5359: result: yes
configure:5390: checking whether ftruncate works
configure:5406: gcc -o conftest -g -O2 -Dg77Fortran -fPIC  -g -O2 conftest.c -lz  >&5
conftest.c: In function 'main':
conftest.c:32:1: warning: ignoring return value of 'ftruncate', declared with attribute warn_unused_result [-Wunused-result]
   32 | ftruncate(0, 0);
      | ^~~~~~~~~~~~~~~
configure:5406: $? = 0
configure:5411: result: yes
configure:5425: checking whether long long is defined
configure:5441: gcc -c -g -O2 -Dg77Fortran -fPIC  conftest.c >&5
configure:5441: $? = 0
configure:5446: result: yes
configure:5467: checking whether system V style IPC services are supported
configure:5488: gcc -o conftest -g -O2 -Dg77Fortran -fPIC  -g -O2 conftest.c -lz  >&5
configure:5488: $? = 0
configure:5494: result: yes
configure:5510: checking whether flock_t is defined in sys/fcntl.h
configure:5526: gcc -c -g -O2 -Dg77Fortran -fPIC  conftest.c >&5
conftest.c: In function 'main':
conftest.c:35:1: error: unknown type name 'flock_t'; did you mean 'float'?
   35 | flock_t filler;
      | ^~~~~~~
      | float
configure:5526: $? = 1
configure: failed program was:
| /* confdefs.h */
| #define PACKAGE_NAME ""
| #define PACKAGE_TARNAME ""
| #define PACKAGE_VERSION ""
| #define PACKAGE_STRING ""
| #define PACKAGE_BUGREPORT ""
| #define PACKAGE_URL ""
| #define HAVE_STDIO_H 1
| #define HAVE_STDLIB_H 1
| #define HAVE_STRING_H 1
| #define HAVE_INTTYPES_H 1
| #define HAVE_STDINT_H 1
| #define HAVE_STRINGS_H 1
| #define HAVE_SYS_STAT_H 1
| #define HAVE_SYS_TYPES_H 1
| #define HAVE_UNISTD_H 1
| #define STDC_HEADERS 1
| #define HAVE_STDLIB_H 1
| #define HAVE_STRING_H 1
| #define HAVE_MATH_H 1
| #define HAVE_LIMITS_H 1
| #define _LARGEFILE_SOURCE 1
| #define _FILE_OFFSET_BITS 64
| #define HAVE_LIBZ 1
| #define HAVE_FTRUNCATE 1
| #define HAVE_LONGLONG 1
| #define HAVE_SHMEM_SERVICES 1
| /* end confdefs.h.  */
| #include <sys/fcntl.h>
| 
| int
| main (void)
| {
| 
| flock_t filler;
| 
|   ;
|   return 0;
| }
configure:5535: result: no
configure:5541: checking whether flock_t is defined in sys/flock.h
configure:5557: gcc -c -g -O2 -Dg77Fortran -fPIC  conftest.c >&5
conftest.c:29:10: fatal error: sys/flock.h: No such file or directory
   29 | #include <sys/flock.h>
      |          ^~~~~~~~~~~~~
compilation terminated.
configure:5557: $? = 1
configure: failed program was:
| /* confdefs.h */
| #define PACKAGE_NAME ""
| #define PACKAGE_TARNAME ""
| #define PACKAGE_VERSION ""
| #define PACKAGE_STRING ""
| #define PACKAGE_BUGREPORT ""
| #define PACKAGE_URL ""
| #define HAVE_STDIO_H 1
| #define HAVE_STDLIB_H 1
| #define HAVE_STRING_H 1
| #define HAVE_INTTYPES_H 1
| #define HAVE_STDINT_H 1
| #define HAVE_STRINGS_H 1
| #define HAVE_SYS_STAT_H 1
| #define HAVE_SYS_TYPES_H 1
| #define HAVE_UNISTD_H 1
| #define STDC_HEADERS 1
| #define HAVE_STDLIB_H 1
| #define HAVE_STRING_H 1
| #define HAVE_MATH_H 1
| #define HAVE_LIMITS_H 1
| #define _LARGEFILE_SOURCE 1
| #define _FILE_OFFSET_BITS 64
| #define HAVE_LIBZ 1
| #define HAVE_FTRUNCATE 1
| #define HAVE_LONGLONG 1
| #define HAVE_SHMEM_SERVICES 1
| /* end confdefs.h.  */
| #include <sys/flock.h>
| 
| int
| main (void)
| {
| 
|    flock_t filler;
| 
|   ;
|   return 0;
| }
configure:5566: result: no
configure:5635: checking whether union semun is defined
configure:5653: gcc -c -g -O2 -Dg77Fortran -fPIC  conftest.c >&5
conftest.c: In function 'main':
conftest.c:37:13: error: storage size of 'filler' isn't known
   37 | union semun filler;
      |             ^~~~~~
configure:5653: $? = 1
configure: failed program was:
| /* confdefs.h */
| #define PACKAGE_NAME ""
| #define PACKAGE_TARNAME ""
| #define PACKAGE_VERSION ""
| #define PACKAGE_STRING ""
| #define PACKAGE_BUGREPORT ""
| #define PACKAGE_URL ""
| #define HAVE_STDIO_H 1
| #define HAVE_STDLIB_H 1
| #define HAVE_STRING_H 1
| #define HAVE_INTTYPES_H 1
| #define HAVE_STDINT_H 1
| #define HAVE_STRINGS_H 1
| #define HAVE_SYS_STAT_H 1
| #define HAVE_SYS_TYPES_H 1
| #define HAVE_UNISTD_H 1
| #define STDC_HEADERS 1
| #define HAVE_STDLIB_H 1
| #define HAVE_STRING_H 1
| #define HAVE_MATH_H 1
| #define HAVE_LIMITS_H 1
| #define _LARGEFILE_SOURCE 1
| #define _FILE_OFFSET_BITS 64
| #define HAVE_LIBZ 1
| #define HAVE_FTRUNCATE 1
| #define HAVE_LONGLONG 1
| #define HAVE_SHMEM_SERVICES 1
| /* end confdefs.h.  */
| #include <sys/ipc.h>
| #include <sys/shm.h>
| #include <sys/sem.h>
| 
| int
| main (void)
| {
| 
| union semun filler;
| 
|   ;
|   return 0;
| }
configure:5662: result: no
configure:5671: checking for fmemopen
configure:5671: gcc -o conftest -g -O2 -Dg77Fortran -fPIC  -g -O2 conftest.c -lz  >&5
configure:5671: $? = 0
configure:5671: result: yes
configure:5685: checking for library containing gethostbyname
configure:5715: gcc -o conftest -g -O2 -Dg77Fortran -fPIC  -g -O2 conftest.c -lz  >&5
configure:5715: $? = 0
configure:5735: result: none required
configure:5746: checking for library containing connect
configure:5776: gcc -o conftest -g -O2 -Dg77Fortran -fPIC  -g -O2 conftest.c -lz  >&5
configure:5776: $? = 0
configure:5796: result: none required
configure:5959: creating ./config.status

## ---------------------- ##
## Running config.status. ##
## ---------------------- ##

This file was extended by config.status, which was
generated by GNU Autoconf 2.71.  Invocation command line was

  CONFIG_FILES    = 
  CONFIG_HEADERS  = 
  CONFIG_LINKS    = 
  CONFIG_COMMANDS = 
  $ ./config.status 

on manolo-virtual-machine

config.status:746: creating Makefile
configure:7103: creating ./config.status

## ---------------------- ##
## Running config.status. ##
## ---------------------- ##

This file was extended by config.status, which was
generated by GNU Autoconf 2.71.  Invocation command line was

  CONFIG_FILES    = 
  CONFIG_HEADERS  = 
  CONFIG_LINKS    = 
  CONFIG_COMMANDS = 
  $ ./config.status 

on manolo-virtual-machine

config.status:747: creating Makefile
config.status:747: creating cfitsio.pc
configure:8106: result: 
configure:8108: result:     Congratulations, Makefile update was successful.
configure:8110: result:     You may want to run make now.
configure:8112: result: 

## ---------------- ##
## Cache variables. ##
## ---------------- ##

ac_cv_build=x86_64-pc-linux-gnu
ac_cv_c_compiler_gnu=yes
ac_cv_env_CC_set=
ac_cv_env_CC_value=
ac_cv_env_CFLAGS_set=
ac_cv_env_CFLAGS_value=
ac_cv_env_CPPFLAGS_set=
ac_cv_env_CPPFLAGS_value=
ac_cv_env_LDFLAGS_set=
ac_cv_env_LDFLAGS_value=
ac_cv_env_LIBS_set=
ac_cv_env_LIBS_value=
ac_cv_env_build_alias_set=
ac_cv_env_build_alias_value=
ac_cv_env_host_alias_set=
ac_cv_env_host_alias_value=
ac_cv_env_target_alias_set=
ac_cv_env_target_alias_value=
ac_cv_func_fmemopen=yes
ac_cv_header_inttypes_h=yes
ac_cv_header_limits_h=yes
ac_cv_header_math_h=yes
ac_cv_header_stdint_h=yes
ac_cv_header_stdio_h=yes
ac_cv_header_stdlib_h=yes
ac_cv_header_string_h=yes
ac_cv_header_strings_h=yes
ac_cv_header_sys_stat_h=yes
ac_cv_header_sys_types_h=yes
ac_cv_header_unistd_h=yes
ac_cv_host=x86_64-pc-linux-gnu
ac_cv_lib_z_inflateEnd=yes
ac_cv_objext=o
ac_cv_prog_AR=ar
ac_cv_prog_ac_ct_CC=gcc
ac_cv_prog_ac_ct_RANLIB=ranlib
ac_cv_prog_cc_c11=
ac_cv_prog_cc_g=yes
ac_cv_prog_cc_stdc=
ac_cv_search_connect='none required'
ac_cv_search_gethostbyname='none required'
ac_cv_target=x86_64-pc-linux-gnu

## ----------------- ##
## Output variables. ##
## ----------------- ##

AR='ar'
ARCH='linux'
ARCHIVE='ar rv'
CC='gcc'
CFITSIO_MAJOR='4'
CFITSIO_MICRO='0'
CFITSIO_MINOR='2'
CFITSIO_SHLIB='lib${PACKAGE}${SHLIB_SUFFIX}.${CFITSIO_SONAME}.${CFITSIO_MAJOR}.${CFITSIO_MINOR}.${CFITSIO_MICRO}'
CFITSIO_SHLIB_SONAME='lib${PACKAGE}${SHLIB_SUFFIX}.${CFITSIO_SONAME}'
CFITSIO_SONAME='10'
CFLAGS='-g -O2 -Dg77Fortran -fPIC'
CPPFLAGS=''
CURLCONFIG=''
DEFS='-DPACKAGE_NAME=\"\" -DPACKAGE_TARNAME=\"\" -DPACKAGE_VERSION=\"\" -DPACKAGE_STRING=\"\" -DPACKAGE_BUGREPORT=\"\" -DPACKAGE_URL=\"\" -DHAVE_STDIO_H=1 -DHAVE_STDLIB_H=1 -DHAVE_STRING_H=1 -DHAVE_INTTYPES_H=1 -DHAVE_STDINT_H=1 -DHAVE_STRINGS_H=1 -DHAVE_SYS_STAT_H=1 -DHAVE_SYS_TYPES_H=1 -DHAVE_UNISTD_H=1 -DSTDC_HEADERS=1 -DHAVE_STDLIB_H=1 -DHAVE_STRING_H=1 -DHAVE_MATH_H=1 -DHAVE_LIMITS_H=1 -D_LARGEFILE_SOURCE=1 -D_FILE_OFFSET_BITS=64 -DHAVE_LIBZ=1 -DHAVE_FTRUNCATE=1 -DHAVE_LONGLONG=1 -DHAVE_SHMEM_SERVICES=1 -DHAVE_FMEMOPEN=1 -DHAVE_NET_SERVICES=1'
ECHO_C=''
ECHO_N='-n'
ECHO_T=''
EXEEXT=''
F77_WRAPPERS='${FITSIO_SRC}'
FC='notfound'
GCCVERSION='9'
GSIFTP_SRC=''
INSTALL_ROOT='${prefix}'
LDFLAGS='-g -O2'
LDFLAGS_BIN='-g -O2 -Wl,-rpath,${CFITSIO_LIB}'
LIBOBJS=''
LIBPRE=''
LIBS='-lz '
LIBS_CURL=''
LTLIBOBJS=''
OBJEXT='o'
PACKAGE_BUGREPORT=''
PACKAGE_NAME=''
PACKAGE_STRING=''
PACKAGE_TARNAME=''
PACKAGE_URL=''
PACKAGE_VERSION=''
PATH_SEPARATOR=':'
RANLIB='ranlib'
SHELL='/bin/bash'
SHLIB_LD='gcc -shared -Wl,-soname,lib${PACKAGE}${SHLIB_SUFFIX}.${CFITSIO_SONAME}'
SHLIB_SUFFIX='.so'
SSE_FLAGS=''
ac_ct_CC='gcc'
bindir='${exec_prefix}/bin'
build='x86_64-pc-linux-gnu'
build_alias=''
build_cpu='x86_64'
build_os='linux-gnu'
build_vendor='pc'
datadir='${datarootdir}'
datarootdir='${prefix}/share'
docdir='${datarootdir}/doc/${PACKAGE}'
dvidir='${docdir}'
exec_prefix='${prefix}'
host='x86_64-pc-linux-gnu'
host_alias=''
host_cpu='x86_64'
host_os='linux-gnu'
host_vendor='pc'
htmldir='${docdir}'
includedir='${prefix}/include'
infodir='${datarootdir}/info'
libdir='${exec_prefix}/lib'
libexecdir='${exec_prefix}/libexec'
localedir='${datarootdir}/locale'
localstatedir='${prefix}/var'
mandir='${datarootdir}/man'
my_shmem='${SOURCES_SHMEM}'
oldincludedir='/usr/include'
pdfdir='${docdir}'
prefix='/usr1/local'
program_transform_name='s,x,x,'
psdir='${docdir}'
runstatedir='${localstatedir}/run'
sbindir='${exec_prefix}/sbin'
sharedstatedir='${prefix}/com'
sysconfdir='${prefix}/etc'
target='x86_64-pc-linux-gnu'
target_alias=''
target_cpu='x86_64'
target_os='linux-gnu'
target_vendor='pc'

## ----------- ##
## confdefs.h. ##
## ----------- ##

/* confdefs.h */
#define PACKAGE_NAME ""
#define PACKAGE_TARNAME ""
#define PACKAGE_VERSION ""
#define PACKAGE_STRING ""
#define PACKAGE_BUGREPORT ""
#define PACKAGE_URL ""
#define HAVE_STDIO_H 1
#define HAVE_STDLIB_H 1
#define HAVE_STRING_H 1
#define HAVE_INTTYPES_H 1
#define HAVE_STDINT_H 1
#define HAVE_STRINGS_H 1
#define HAVE_SYS_STAT_H 1
#define HAVE_SYS_TYPES_H 1
#define HAVE_UNISTD_H 1
#define STDC_HEADERS 1
#define HAVE_STDLIB_H 1
#define HAVE_STRING_H 1
#define HAVE_MATH_H 1
#define HAVE_LIMITS_H 1
#define _LARGEFILE_SOURCE 1
#define _FILE_OFFSET_BITS 64
#define HAVE_LIBZ 1
#define HAVE_FTRUNCATE 1
#define HAVE_LONGLONG 1
#define HAVE_SHMEM_SERVICES 1
#define HAVE_FMEMOPEN 1
#define HAVE_NET_SERVICES 1

configure: exit 0
