INFO:root:generationFits | Initializing generation of fits file through python
INFO:root:generationsFits | Dimensions Fits file: 5x200
INFO:root:generationFits | createImage() | Creation of fits image
INFO:root:generationFits | createImage() | Reading power samples from SDR
INFO:root:generationFits | read_power_samples() | Reading samples as output of SDR
INFO:root:generationFits | read_power_samples() | Execution Success
INFO:root:generationFits | insert_data_image() | Inserting data into image
INFO:root:generationFits | insert_data_image() | Execution Success
INFO:root:generationFits | createImage() | Execution Success
INFO:root:generationFits | read_header_data() | Reading headers extra data
INFO:root:generationFits | read_header_data() | Execution Success
INFO:root:generationFits 1 UpdateHeadersImage() | Updating headers of fits image
INFO:root:generationFits | read_frequencies() | Reading frequencies as output of SDR
INFO:root:generationFits | read_frequencies() | Execution Success
INFO:root:generationFits | UpdateHeadersImage() | Execution Success
INFO:root:generationFits | read_frequencies() | Reading frequencies as output of SDR
INFO:root:generationFits | read_frequencies() | Execution Success
INFO:root:generationFits | read_times() | Reading frequencies as output of SDR
INFO:root:generationFits | read_times() | Execution Success
INFO:root:generationFits | createBinaryTable() | Creating binary table of dimensions 1x2
INFO:root:generationFits | createBinaryTable() | Execution Success
INFO:root:generationFits | generate_dynamic_name() | File generated with name: hackRFOne_UAH_20221215_14h_47m.fit
INFO:root:generationFits | generateFits() | Execution Success
INFO:root:generationFits | Execution Success
INFO:root:----------Image data----------
INFO:root:[[  0. 200. 400. 600. 800.]
 [  1. 201. 401. 601. 801.]
 [  2. 202. 402. 602. 802.]
 [  3. 203. 403. 603. 803.]
 [  4. 204. 404. 604. 804.]
 [  5. 205. 405. 605. 805.]
 [  6. 206. 406. 606. 806.]
 [  7. 207. 407. 607. 807.]
 [  8. 208. 408. 608. 808.]
 [  9. 209. 409. 609. 809.]
 [ 10. 210. 410. 610. 810.]
 [ 11. 211. 411. 611. 811.]
 [ 12. 212. 412. 612. 812.]
 [ 13. 213. 413. 613. 813.]
 [ 14. 214. 414. 614. 814.]
 [ 15. 215. 415. 615. 815.]
 [ 16. 216. 416. 616. 816.]
 [ 17. 217. 417. 617. 817.]
 [ 18. 218. 418. 618. 818.]
 [ 19. 219. 419. 619. 819.]
 [ 20. 220. 420. 620. 820.]
 [ 21. 221. 421. 621. 821.]
 [ 22. 222. 422. 622. 822.]
 [ 23. 223. 423. 623. 823.]
 [ 24. 224. 424. 624. 824.]
 [ 25. 225. 425. 625. 825.]
 [ 26. 226. 426. 626. 826.]
 [ 27. 227. 427. 627. 827.]
 [ 28. 228. 428. 628. 828.]
 [ 29. 229. 429. 629. 829.]
 [ 30. 230. 430. 630. 830.]
 [ 31. 231. 431. 631. 831.]
 [ 32. 232. 432. 632. 832.]
 [ 33. 233. 433. 633. 833.]
 [ 34. 234. 434. 634. 834.]
 [ 35. 235. 435. 635. 835.]
 [ 36. 236. 436. 636. 836.]
 [ 37. 237. 437. 637. 837.]
 [ 38. 238. 438. 638. 838.]
 [ 39. 239. 439. 639. 839.]
 [ 40. 240. 440. 640. 840.]
 [ 41. 241. 441. 641. 841.]
 [ 42. 242. 442. 642. 842.]
 [ 43. 243. 443. 643. 843.]
 [ 44. 244. 444. 644. 844.]
 [ 45. 245. 445. 645. 845.]
 [ 46. 246. 446. 646. 846.]
 [ 47. 247. 447. 647. 847.]
 [ 48. 248. 448. 648. 848.]
 [ 49. 249. 449. 649. 849.]
 [ 50. 250. 450. 650. 850.]
 [ 51. 251. 451. 651. 851.]
 [ 52. 252. 452. 652. 852.]
 [ 53. 253. 453. 653. 853.]
 [ 54. 254. 454. 654. 854.]
 [ 55. 255. 455. 655. 855.]
 [ 56. 256. 456. 656. 856.]
 [ 57. 257. 457. 657. 857.]
 [ 58. 258. 458. 658. 858.]
 [ 59. 259. 459. 659. 859.]
 [ 60. 260. 460. 660. 860.]
 [ 61. 261. 461. 661. 861.]
 [ 62. 262. 462. 662. 862.]
 [ 63. 263. 463. 663. 863.]
 [ 64. 264. 464. 664. 864.]
 [ 65. 265. 465. 665. 865.]
 [ 66. 266. 466. 666. 866.]
 [ 67. 267. 467. 667. 867.]
 [ 68. 268. 468. 668. 868.]
 [ 69. 269. 469. 669. 869.]
 [ 70. 270. 470. 670. 870.]
 [ 71. 271. 471. 671. 871.]
 [ 72. 272. 472. 672. 872.]
 [ 73. 273. 473. 673. 873.]
 [ 74. 274. 474. 674. 874.]
 [ 75. 275. 475. 675. 875.]
 [ 76. 276. 476. 676. 876.]
 [ 77. 277. 477. 677. 877.]
 [ 78. 278. 478. 678. 878.]
 [ 79. 279. 479. 679. 879.]
 [ 80. 280. 480. 680. 880.]
 [ 81. 281. 481. 681. 881.]
 [ 82. 282. 482. 682. 882.]
 [ 83. 283. 483. 683. 883.]
 [ 84. 284. 484. 684. 884.]
 [ 85. 285. 485. 685. 885.]
 [ 86. 286. 486. 686. 886.]
 [ 87. 287. 487. 687. 887.]
 [ 88. 288. 488. 688. 888.]
 [ 89. 289. 489. 689. 889.]
 [ 90. 290. 490. 690. 890.]
 [ 91. 291. 491. 691. 891.]
 [ 92. 292. 492. 692. 892.]
 [ 93. 293. 493. 693. 893.]
 [ 94. 294. 494. 694. 894.]
 [ 95. 295. 495. 695. 895.]
 [ 96. 296. 496. 696. 896.]
 [ 97. 297. 497. 697. 897.]
 [ 98. 298. 498. 698. 898.]
 [ 99. 299. 499. 699. 899.]
 [100. 300. 500. 700. 900.]
 [101. 301. 501. 701. 901.]
 [102. 302. 502. 702. 902.]
 [103. 303. 503. 703. 903.]
 [104. 304. 504. 704. 904.]
 [105. 305. 505. 705. 905.]
 [106. 306. 506. 706. 906.]
 [107. 307. 507. 707. 907.]
 [108. 308. 508. 708. 908.]
 [109. 309. 509. 709. 909.]
 [110. 310. 510. 710. 910.]
 [111. 311. 511. 711. 911.]
 [112. 312. 512. 712. 912.]
 [113. 313. 513. 713. 913.]
 [114. 314. 514. 714. 914.]
 [115. 315. 515. 715. 915.]
 [116. 316. 516. 716. 916.]
 [117. 317. 517. 717. 917.]
 [118. 318. 518. 718. 918.]
 [119. 319. 519. 719. 919.]
 [120. 320. 520. 720. 920.]
 [121. 321. 521. 721. 921.]
 [122. 322. 522. 722. 922.]
 [123. 323. 523. 723. 923.]
 [124. 324. 524. 724. 924.]
 [125. 325. 525. 725. 925.]
 [126. 326. 526. 726. 926.]
 [127. 327. 527. 727. 927.]
 [128. 328. 528. 728. 928.]
 [129. 329. 529. 729. 929.]
 [130. 330. 530. 730. 930.]
 [131. 331. 531. 731. 931.]
 [132. 332. 532. 732. 932.]
 [133. 333. 533. 733. 933.]
 [134. 334. 534. 734. 934.]
 [135. 335. 535. 735. 935.]
 [136. 336. 536. 736. 936.]
 [137. 337. 537. 737. 937.]
 [138. 338. 538. 738. 938.]
 [139. 339. 539. 739. 939.]
 [140. 340. 540. 740. 940.]
 [141. 341. 541. 741. 941.]
 [142. 342. 542. 742. 942.]
 [143. 343. 543. 743. 943.]
 [144. 344. 544. 744. 944.]
 [145. 345. 545. 745. 945.]
 [146. 346. 546. 746. 946.]
 [147. 347. 547. 747. 947.]
 [148. 348. 548. 748. 948.]
 [149. 349. 549. 749. 949.]
 [150. 350. 550. 750. 950.]
 [151. 351. 551. 751. 951.]
 [152. 352. 552. 752. 952.]
 [153. 353. 553. 753. 953.]
 [154. 354. 554. 754. 954.]
 [155. 355. 555. 755. 955.]
 [156. 356. 556. 756. 956.]
 [157. 357. 557. 757. 957.]
 [158. 358. 558. 758. 958.]
 [159. 359. 559. 759. 959.]
 [160. 360. 560. 760. 960.]
 [161. 361. 561. 761. 961.]
 [162. 362. 562. 762. 962.]
 [163. 363. 563. 763. 963.]
 [164. 364. 564. 764. 964.]
 [165. 365. 565. 765. 965.]
 [166. 366. 566. 766. 966.]
 [167. 367. 567. 767. 967.]
 [168. 368. 568. 768. 968.]
 [169. 369. 569. 769. 969.]
 [170. 370. 570. 770. 970.]
 [171. 371. 571. 771. 971.]
 [172. 372. 572. 772. 972.]
 [173. 373. 573. 773. 973.]
 [174. 374. 574. 774. 974.]
 [175. 375. 575. 775. 975.]
 [176. 376. 576. 776. 976.]
 [177. 377. 577. 777. 977.]
 [178. 378. 578. 778. 978.]
 [179. 379. 579. 779. 979.]
 [180. 380. 580. 780. 980.]
 [181. 381. 581. 781. 981.]
 [182. 382. 582. 782. 982.]
 [183. 383. 583. 783. 983.]
 [184. 384. 584. 784. 984.]
 [185. 385. 585. 785. 985.]
 [186. 386. 586. 786. 986.]
 [187. 387. 587. 787. 987.]
 [188. 388. 588. 788. 988.]
 [189. 389. 589. 789. 989.]
 [190. 390. 590. 790. 990.]
 [191. 391. 591. 791. 991.]
 [192. 392. 592. 792. 992.]
 [193. 393. 593. 793. 993.]
 [194. 394. 594. 794. 994.]
 [195. 395. 595. 795. 995.]
 [196. 396. 596. 796. 996.]
 [197. 397. 597. 797. 997.]
 [198. 398. 598. 798. 998.]
 [199. 399. 599. 799. 999.]]
INFO:root:----------Headers image data----------
INFO:root:SIMPLE  =                    T / conforms to FITS standard                      BITPIX  =                  -64 / array data type                                NAXIS   =                    2 / number of array dimensions                     NAXIS1  =                    5                                                  NAXIS2  =                  200                                                  EXTEND  =                    T                                                  DATE    = '2022-12-15'         / Time of observation                            CONTENT = '2022/12/15Radio Flux density, HackRF-One (Spain)' / Title            INSTRUME= 'HACKRF One'         / Name of the instrument                         OBJECT  = 'Space   '           / Object name                                    DATE-OBS= '2022/12/15'         / Date observation starts                        TIME-OBS= '14:47:32.897'       / Time observation starts                        DATE-END= '2022/12/15'         / Date Observation ends                          TIME-END= '15:02:43'           / Time observation ends                          BZERO   =                    0 / Scaling offset                                 BSCALE  =                  1.0 / Scaling factor                                 BUNIT   = 'digits  '           / Z - axis title                                 DATAMAX =                  999 / Max pixel data                                 DATAMIN =                    0 / Min pixel data                                 CRVAL1  = '53252   '           / Value on axis 1 [sec of day]                   CRPIX1  =                    0 / Reference pixel of axis 1                      CTYPE1  = 'TIME [UT]'          / Title of axis 1                                CDELT1  =                 0.25 / Step between first and second element in x-axisCRVAL2  =                    0 / Value on axis 2                                CRPIX2  =                    0 / Reference pixel of axis 2                      CTYPE2  = 'Frequency [MHz]'    / Title of axis 2                                CDELT2  =                   -1 / Step samples                                   OBS_LAT =           40.5131623 / Observatory latitude in degree                 OBS_LAC = 'N       '           / Observatory latitude code {N, S}               OBS_LON =           -3.3527243 / Observatory longitude in degree                OBS_LOC = 'W       '           /  Observatory longitude code {E, W}             OBS_ALT =                594.0 / Observatory altitude in meter                  END                                                                                                                                                                                                                                                                                                                             
INFO:root:----------Binary table data----------
INFO:root:[([0., 1., 2., 3., 4., 0., 0., 0., 0., 0., 0., 0., 0., 0., 0., 0., 0., 0., 0., 0., 0., 0., 0., 0., 0., 0., 0., 0., 0., 0., 0., 0., 0., 0., 0., 0., 0., 0., 0., 0., 0., 0., 0., 0., 0., 0., 0., 0., 0., 0., 0., 0., 0., 0., 0., 0., 0., 0., 0., 0., 0., 0., 0., 0., 0., 0., 0., 0., 0., 0., 0., 0., 0., 0., 0., 0., 0., 0., 0., 0., 0., 0., 0., 0., 0., 0., 0., 0., 0., 0., 0., 0., 0., 0., 0., 0., 0., 0., 0., 0., 0., 0., 0., 0., 0., 0., 0., 0., 0., 0., 0., 0., 0., 0., 0., 0., 0., 0., 0., 0., 0., 0., 0., 0., 0., 0., 0., 0., 0., 0., 0., 0., 0., 0., 0., 0., 0., 0., 0., 0., 0., 0., 0., 0., 0., 0., 0., 0., 0., 0., 0., 0., 0., 0., 0., 0., 0., 0., 0., 0., 0., 0., 0., 0., 0., 0., 0., 0., 0., 0., 0., 0., 0., 0., 0., 0., 0., 0., 0., 0., 0., 0., 0., 0., 0., 0., 0., 0., 0., 0., 0., 0., 0., 0., 0., 0., 0., 0., 0., 0., 0., 0., 0., 0., 0., 0., 0., 0., 0., 0., 0., 0., 0., 0., 0., 0., 0., 0., 0., 0., 0., 0., 0., 0., 0., 0., 0., 0., 0., 0., 0., 0., 0., 0., 0., 0., 0., 0., 0., 0., 0., 0., 0., 0., 0., 0., 0., 0., 0., 0., 0., 0., 0., 0., 0., 0., 0., 0., 0., 0., 0., 0., 0., 0., 0., 0., 0., 0., 0., 0., 0., 0., 0., 0., 0., 0., 0., 0., 0., 0., 0., 0., 0., 0., 0., 0., 0., 0., 0., 0., 0., 0., 0., 0., 0., 0., 0., 0., 0., 0., 0., 0., 0., 0., 0., 0., 0., 0., 0., 0., 0., 0., 0., 0., 0., 0., 0., 0., 0., 0., 0., 0., 0., 0., 0., 0., 0., 0., 0., 0., 0., 0., 0., 0., 0., 0., 0., 0., 0., 0., 0., 0., 0., 0., 0., 0., 0., 0., 0., 0., 0., 0., 0., 0., 0., 0., 0., 0., 0., 0., 0., 0., 0., 0., 0., 0., 0., 0., 0., 0., 0., 0., 0., 0., 0., 0., 0., 0., 0., 0., 0., 0., 0., 0., 0., 0., 0., 0., 0., 0., 0., 0., 0., 0., 0., 0., 0., 0., 0., 0., 0., 0., 0., 0., 0., 0., 0., 0., 0., 0., 0., 0., 0., 0., 0., 0., 0., 0., 0., 0., 0., 0., 0., 0., 0., 0., 0., 0., 0., 0., 0., 0., 0., 0., 0., 0., 0., 0., 0., 0., 0., 0., 0., 0., 0., 0., 0., 0., 0., 0., 0., 0., 0., 0., 0., 0., 0., 0., 0., 0., 0., 0., 0., 0., 0., 0., 0., 0., 0., 0., 0., 0., 0., 0., 0., 0., 0., 0., 0., 0., 0., 0., 0., 0., 0., 0., 0., 0., 0., 0., 0., 0., 0., 0., 0., 0., 0., 0., 0., 0., 0., 0., 0., 0., 0., 0., 0., 0., 0., 0., 0., 0., 0., 0., 0., 0., 0., 0., 0., 0., 0., 0., 0., 0., 0., 0., 0., 0., 0., 0., 0., 0., 0., 0., 0., 0., 0., 0., 0., 0., 0., 0., 0., 0., 0., 0., 0., 0., 0., 0., 0., 0., 0., 0., 0., 0., 0., 0., 0., 0., 0., 0., 0., 0., 0., 0., 0., 0., 0., 0., 0., 0., 0., 0., 0., 0., 0., 0., 0., 0., 0., 0., 0., 0., 0., 0., 0., 0., 0., 0., 0., 0., 0., 0., 0., 0., 0., 0., 0., 0., 0., 0., 0., 0., 0., 0., 0., 0., 0., 0., 0., 0., 0., 0., 0., 0., 0., 0., 0., 0., 0., 0., 0., 0., 0., 0., 0., 0., 0., 0., 0., 0., 0., 0., 0., 0., 0., 0., 0., 0., 0., 0., 0., 0., 0., 0., 0., 0., 0., 0., 0., 0., 0., 0., 0., 0., 0., 0., 0., 0., 0., 0., 0., 0., 0., 0., 0., 0., 0., 0., 0., 0., 0., 0., 0., 0., 0., 0., 0., 0., 0., 0., 0., 0., 0., 0., 0., 0., 0., 0., 0., 0., 0., 0., 0., 0., 0., 0., 0., 0., 0., 0., 0., 0., 0., 0., 0., 0., 0., 0., 0., 0., 0., 0., 0., 0., 0., 0., 0., 0., 0., 0., 0., 0., 0., 0., 0., 0., 0., 0., 0., 0., 0., 0., 0., 0., 0., 0., 0., 0., 0., 0., 0., 0., 0., 0., 0., 0., 0., 0., 0., 0., 0., 0., 0., 0., 0., 0., 0., 0., 0., 0., 0., 0., 0., 0., 0., 0., 0., 0., 0., 0., 0., 0., 0., 0., 0., 0., 0., 0., 0., 0., 0., 0., 0., 0., 0., 0., 0., 0., 0., 0., 0., 0., 0., 0., 0., 0., 0., 0., 0., 0., 0., 0., 0., 0., 0., 0., 0., 0., 0., 0., 0., 0., 0., 0., 0., 0., 0., 0., 0., 0., 0., 0., 0., 0., 0., 0., 0., 0., 0., 0., 0., 0., 0., 0., 0., 0., 0., 0., 0., 0., 0., 0., 0., 0., 0., 0., 0., 0., 0., 0., 0., 0., 0., 0., 0., 0., 0., 0., 0., 0., 0., 0., 0., 0., 0., 0., 0., 0., 0., 0., 0., 0., 0., 0., 0., 0., 0., 0., 0., 0., 0., 0., 0., 0., 0., 0., 0., 0., 0., 0., 0., 0., 0., 0., 0., 0., 0., 0., 0., 0., 0., 0., 0., 0., 0., 0., 0., 0., 0., 0., 0., 0., 0., 0., 0., 0., 0., 0., 0., 0., 0., 0., 0., 0., 0., 0., 0., 0., 0., 0., 0., 0., 0., 0., 0., 0., 0., 0., 0., 0., 0., 0., 0., 0., 0., 0., 0., 0., 0., 0., 0., 0., 0., 0., 0., 0., 0., 0., 0., 0., 0., 0., 0., 0., 0., 0., 0., 0., 0., 0., 0., 0., 0., 0., 0., 0., 0., 0., 0., 0., 0., 0., 0., 0., 0., 0., 0., 0., 0., 0., 0., 0., 0., 0., 0., 0., 0., 0., 0., 0., 0., 0., 0., 0., 0., 0., 0., 0., 0., 0., 0., 0., 0., 0., 0., 0., 0., 0., 0., 0., 0., 0., 0., 0., 0., 0., 0., 0., 0., 0., 0., 0., 0., 0., 0., 0., 0., 0., 0., 0., 0., 0., 0., 0., 0., 0., 0., 0., 0., 0., 0., 0., 0., 0., 0., 0., 0., 0., 0., 0., 0., 0., 0., 0., 0., 0., 0., 0., 0., 0., 0., 0., 0., 0., 0., 0., 0., 0., 0., 0., 0., 0., 0., 0., 0., 0., 0., 0., 0., 0., 0., 0., 0., 0., 0., 0., 0., 0., 0., 0., 0., 0., 0., 0., 0., 0., 0., 0., 0., 0., 0., 0., 0., 0., 0., 0., 0., 0., 0., 0., 0., 0., 0., 0., 0., 0., 0., 0., 0., 0., 0., 0., 0., 0., 0., 0., 0., 0., 0., 0., 0., 0., 0., 0., 0., 0., 0., 0., 0., 0., 0., 0., 0., 0., 0., 0., 0., 0., 0., 0., 0., 0., 0., 0., 0., 0., 0., 0., 0., 0., 0., 0., 0., 0., 0., 0., 0., 0., 0., 0., 0., 0., 0., 0., 0., 0., 0., 0., 0., 0., 0., 0., 0., 0., 0., 0., 0., 0., 0., 0., 0., 0., 0., 0., 0., 0., 0., 0., 0., 0., 0., 0., 0., 0., 0., 0., 0., 0., 0., 0., 0., 0., 0., 0., 0., 0., 0., 0., 0., 0., 0., 0., 0., 0., 0., 0., 0., 0., 0., 0., 0., 0., 0., 0., 0., 0., 0., 0., 0., 0., 0., 0., 0., 0., 0., 0., 0., 0., 0., 0., 0., 0., 0., 0., 0., 0., 0., 0., 0., 0., 0., 0., 0., 0., 0., 0., 0., 0., 0., 0., 0., 0., 0., 0., 0., 0., 0., 0., 0., 0., 0., 0., 0., 0., 0., 0., 0., 0., 0., 0., 0., 0., 0., 0., 0., 0., 0., 0., 0., 0., 0., 0., 0., 0., 0., 0., 0., 0., 0., 0., 0., 0., 0., 0., 0., 0., 0., 0., 0., 0., 0., 0., 0., 0., 0., 0., 0., 0., 0., 0., 0., 0., 0., 0., 0., 0., 0., 0., 0., 0., 0., 0., 0., 0., 0., 0., 0., 0., 0., 0., 0., 0., 0., 0., 0., 0., 0., 0., 0., 0., 0., 0., 0., 0., 0., 0., 0., 0., 0., 0., 0., 0., 0., 0., 0., 0., 0., 0., 0., 0., 0., 0., 0., 0., 0., 0., 0., 0., 0., 0., 0., 0., 0., 0., 0., 0., 0., 0., 0., 0., 0., 0., 0., 0., 0., 0., 0., 0., 0., 0., 0., 0., 0., 0., 0., 0., 0., 0., 0., 0., 0., 0., 0., 0., 0., 0., 0., 0., 0., 0., 0., 0., 0., 0., 0., 0., 0., 0., 0., 0., 0., 0., 0., 0., 0., 0., 0., 0., 0., 0., 0., 0., 0., 0., 0., 0., 0., 0., 0., 0., 0., 0., 0., 0., 0., 0., 0., 0., 0., 0., 0., 0., 0., 0., 0., 0., 0., 0., 0., 0., 0., 0., 0., 0., 0., 0., 0., 0., 0., 0., 0., 0., 0., 0., 0., 0., 0., 0., 0., 0., 0., 0., 0., 0., 0., 0., 0., 0., 0., 0., 0., 0., 0., 0., 0., 0., 0., 0., 0., 0., 0., 0., 0., 0., 0., 0., 0., 0., 0., 0., 0., 0., 0., 0., 0., 0., 0., 0., 0., 0., 0., 0., 0., 0., 0., 0., 0., 0., 0., 0., 0., 0., 0., 0., 0., 0., 0., 0., 0., 0., 0., 0., 0., 0., 0., 0., 0., 0., 0., 0., 0., 0., 0., 0., 0., 0., 0., 0., 0., 0., 0., 0., 0., 0., 0., 0., 0., 0., 0., 0., 0., 0., 0., 0., 0., 0., 0., 0., 0., 0., 0., 0., 0., 0., 0., 0., 0., 0., 0., 0., 0., 0., 0., 0., 0., 0., 0., 0., 0., 0., 0., 0., 0., 0., 0., 0., 0., 0., 0., 0., 0., 0., 0., 0., 0., 0., 0., 0., 0., 0., 0., 0., 0., 0., 0., 0., 0., 0., 0., 0., 0., 0., 0., 0., 0., 0., 0., 0., 0., 0., 0., 0., 0., 0., 0., 0., 0., 0., 0., 0., 0., 0., 0., 0., 0., 0., 0., 0., 0., 0., 0., 0., 0., 0., 0., 0., 0., 0., 0., 0., 0., 0., 0., 0., 0., 0., 0., 0., 0., 0., 0., 0., 0., 0., 0., 0., 0., 0., 0., 0., 0., 0., 0., 0., 0., 0., 0., 0., 0., 0., 0., 0., 0., 0., 0., 0., 0., 0., 0., 0., 0., 0., 0., 0., 0., 0., 0., 0., 0., 0., 0., 0., 0., 0., 0., 0., 0., 0., 0., 0., 0., 0., 0., 0., 0., 0., 0., 0., 0., 0., 0., 0., 0., 0., 0., 0., 0., 0., 0., 0., 0., 0., 0., 0., 0., 0., 0., 0., 0., 0., 0., 0., 0., 0., 0., 0., 0., 0., 0., 0., 0., 0., 0., 0., 0., 0., 0., 0., 0., 0., 0., 0., 0., 0., 0., 0., 0., 0., 0., 0., 0., 0., 0., 0., 0., 0., 0., 0., 0., 0., 0., 0., 0., 0., 0., 0., 0., 0., 0., 0., 0., 0., 0., 0., 0., 0., 0., 0., 0., 0., 0., 0., 0., 0., 0., 0., 0., 0., 0., 0., 0., 0., 0., 0., 0., 0., 0., 0., 0., 0., 0., 0., 0., 0., 0., 0., 0., 0., 0., 0., 0., 0., 0., 0., 0., 0., 0., 0., 0., 0., 0., 0., 0., 0., 0., 0., 0., 0., 0., 0., 0., 0., 0., 0., 0., 0., 0., 0., 0., 0., 0., 0., 0., 0., 0., 0., 0., 0., 0., 0., 0., 0., 0., 0., 0., 0., 0., 0., 0., 0., 0., 0., 0., 0., 0., 0., 0., 0., 0., 0., 0., 0., 0., 0., 0., 0., 0., 0., 0., 0., 0., 0., 0., 0., 0., 0., 0., 0., 0., 0., 0., 0., 0., 0., 0., 0., 0., 0., 0., 0., 0., 0., 0., 0., 0., 0., 0., 0., 0., 0., 0., 0., 0., 0., 0., 0., 0., 0., 0., 0., 0., 0., 0., 0., 0., 0., 0., 0., 0., 0., 0., 0., 0., 0., 0., 0., 0., 0., 0., 0., 0., 0., 0., 0., 0., 0., 0., 0., 0., 0., 0., 0., 0., 0., 0., 0., 0., 0., 0., 0., 0., 0., 0., 0., 0., 0., 0., 0., 0., 0., 0., 0., 0., 0., 0., 0., 0., 0., 0., 0., 0., 0., 0., 0., 0., 0., 0., 0., 0., 0., 0., 0., 0., 0., 0., 0., 0., 0., 0., 0., 0., 0., 0., 0., 0., 0., 0., 0., 0., 0., 0., 0., 0., 0., 0., 0., 0., 0., 0., 0., 0., 0., 0., 0., 0., 0., 0., 0., 0., 0., 0., 0., 0., 0., 0., 0., 0., 0., 0., 0., 0., 0., 0., 0., 0., 0., 0., 0., 0., 0., 0., 0., 0., 0., 0., 0., 0., 0., 0., 0., 0., 0., 0., 0., 0., 0., 0., 0., 0., 0., 0., 0., 0., 0., 0., 0., 0., 0., 0., 0., 0., 0., 0., 0., 0., 0., 0., 0., 0., 0., 0., 0., 0., 0., 0., 0., 0., 0., 0., 0., 0., 0., 0., 0., 0., 0., 0., 0., 0., 0., 0., 0., 0., 0., 0., 0., 0., 0., 0., 0., 0., 0., 0., 0., 0., 0., 0., 0., 0., 0., 0., 0., 0., 0., 0., 0., 0., 0., 0., 0., 0., 0., 0., 0., 0., 0., 0., 0., 0., 0., 0., 0., 0., 0., 0., 0., 0., 0., 0., 0., 0., 0., 0., 0., 0., 0., 0., 0., 0., 0., 0., 0., 0., 0., 0., 0., 0., 0., 0., 0., 0., 0., 0., 0., 0., 0., 0., 0., 0., 0., 0., 0., 0., 0., 0., 0., 0., 0., 0., 0., 0., 0., 0., 0., 0., 0., 0., 0., 0., 0., 0., 0., 0., 0., 0., 0., 0., 0., 0., 0., 0., 0., 0., 0., 0., 0., 0., 0., 0., 0., 0., 0., 0., 0., 0., 0., 0., 0., 0., 0., 0., 0., 0., 0., 0., 0., 0., 0., 0., 0., 0., 0., 0., 0., 0., 0., 0., 0., 0., 0., 0., 0., 0., 0., 0., 0., 0., 0., 0., 0., 0., 0., 0., 0., 0., 0., 0., 0., 0., 0., 0., 0., 0., 0., 0., 0., 0., 0., 0., 0., 0., 0., 0., 0., 0., 0., 0., 0., 0., 0., 0., 0., 0., 0., 0., 0., 0., 0., 0., 0., 0., 0., 0., 0., 0., 0., 0., 0., 0., 0., 0., 0., 0., 0., 0., 0., 0., 0., 0., 0., 0., 0., 0., 0., 0., 0., 0., 0., 0., 0., 0., 0., 0., 0., 0., 0., 0., 0., 0., 0., 0., 0., 0., 0., 0., 0., 0., 0., 0., 0., 0., 0., 0., 0., 0., 0., 0., 0., 0., 0., 0., 0., 0., 0., 0., 0., 0., 0., 0., 0., 0., 0., 0., 0., 0., 0., 0., 0., 0., 0., 0., 0., 0., 0., 0., 0., 0., 0., 0., 0., 0., 0., 0., 0., 0., 0., 0., 0., 0., 0., 0., 0., 0., 0., 0., 0., 0., 0., 0., 0., 0., 0., 0., 0., 0., 0., 0., 0., 0., 0., 0., 0., 0., 0., 0., 0., 0., 0., 0., 0., 0., 0., 0., 0., 0., 0., 0., 0., 0., 0., 0., 0., 0., 0., 0., 0., 0., 0., 0., 0., 0., 0., 0., 0., 0., 0., 0., 0., 0., 0., 0., 0., 0., 0., 0., 0., 0., 0., 0., 0., 0., 0., 0., 0., 0., 0., 0., 0., 0., 0., 0., 0., 0., 0., 0., 0., 0., 0., 0., 0., 0., 0., 0., 0., 0., 0., 0., 0., 0., 0., 0., 0., 0., 0., 0., 0., 0., 0., 0., 0., 0., 0., 0., 0., 0., 0., 0., 0., 0., 0., 0., 0., 0., 0., 0., 0., 0., 0., 0., 0., 0., 0., 0., 0., 0., 0., 0., 0., 0., 0., 0., 0., 0., 0., 0., 0., 0., 0., 0., 0., 0., 0., 0., 0., 0., 0., 0., 0., 0., 0., 0., 0., 0., 0., 0., 0., 0., 0., 0., 0., 0., 0., 0., 0., 0., 0., 0., 0., 0., 0., 0., 0., 0., 0., 0., 0., 0., 0., 0., 0., 0., 0., 0., 0., 0., 0., 0., 0., 0., 0., 0., 0., 0., 0., 0., 0., 0., 0., 0., 0., 0., 0., 0., 0., 0., 0., 0., 0., 0., 0., 0., 0., 0., 0., 0., 0., 0., 0., 0., 0., 0., 0., 0., 0., 0., 0., 0., 0., 0., 0., 0., 0., 0., 0., 0., 0., 0., 0., 0., 0., 0., 0., 0., 0., 0., 0., 0., 0., 0., 0., 0., 0., 0., 0., 0., 0., 0., 0., 0., 0., 0., 0., 0., 0., 0., 0., 0., 0., 0., 0., 0., 0., 0., 0., 0., 0., 0., 0., 0., 0., 0., 0., 0., 0., 0., 0., 0., 0., 0., 0., 0., 0., 0., 0., 0., 0., 0., 0., 0., 0., 0., 0., 0., 0., 0., 0., 0., 0., 0., 0., 0., 0., 0., 0., 0., 0., 0., 0., 0., 0., 0., 0., 0., 0., 0., 0., 0., 0., 0., 0., 0., 0., 0., 0., 0., 0., 0., 0., 0., 0., 0., 0., 0., 0., 0., 0., 0., 0., 0., 0., 0., 0., 0., 0., 0., 0., 0., 0., 0., 0., 0., 0., 0., 0., 0., 0., 0., 0., 0., 0., 0., 0., 0., 0., 0., 0., 0., 0., 0., 0., 0., 0., 0., 0., 0., 0., 0., 0., 0., 0., 0., 0., 0., 0., 0., 0., 0., 0., 0., 0., 0., 0., 0., 0., 0., 0., 0., 0., 0., 0., 0., 0., 0., 0., 0., 0., 0., 0., 0., 0., 0., 0., 0., 0., 0., 0., 0., 0., 0., 0., 0., 0., 0., 0., 0., 0., 0., 0., 0., 0., 0., 0., 0., 0., 0., 0., 0., 0., 0., 0., 0., 0., 0., 0., 0., 0., 0., 0., 0., 0., 0., 0., 0., 0., 0., 0., 0., 0., 0., 0., 0., 0., 0., 0., 0., 0., 0., 0., 0., 0., 0., 0., 0., 0., 0., 0., 0., 0., 0., 0., 0., 0., 0., 0., 0., 0., 0., 0., 0., 0., 0., 0., 0., 0., 0., 0., 0., 0., 0., 0., 0., 0., 0., 0., 0., 0., 0., 0., 0., 0., 0., 0., 0., 0., 0., 0., 0., 0., 0., 0., 0., 0., 0., 0., 0., 0., 0., 0., 0., 0., 0., 0., 0., 0., 0., 0., 0., 0., 0., 0., 0., 0., 0., 0., 0., 0., 0., 0., 0., 0., 0., 0., 0., 0., 0., 0., 0., 0., 0., 0., 0., 0., 0., 0., 0., 0., 0., 0., 0., 0., 0., 0., 0., 0., 0., 0., 0., 0., 0., 0., 0., 0., 0., 0., 0., 0., 0., 0., 0., 0., 0., 0., 0., 0., 0., 0., 0., 0., 0., 0., 0., 0., 0., 0., 0., 0., 0., 0., 0., 0., 0., 0., 0., 0., 0., 0., 0., 0., 0., 0., 0., 0., 0., 0., 0., 0., 0., 0., 0., 0., 0., 0., 0., 0., 0., 0., 0., 0., 0., 0., 0., 0., 0., 0., 0., 0., 0., 0., 0., 0., 0., 0., 0., 0., 0., 0., 0., 0., 0., 0., 0., 0., 0., 0., 0., 0., 0., 0., 0., 0., 0., 0., 0., 0., 0., 0., 0., 0., 0., 0., 0., 0., 0., 0., 0., 0., 0., 0., 0., 0., 0., 0., 0., 0., 0., 0., 0., 0., 0., 0., 0., 0., 0., 0., 0., 0., 0., 0., 0., 0., 0., 0., 0., 0., 0., 0., 0., 0., 0., 0., 0., 0., 0., 0., 0., 0., 0., 0., 0., 0., 0., 0., 0., 0., 0., 0., 0., 0., 0., 0., 0., 0., 0., 0., 0., 0., 0., 0., 0., 0., 0., 0., 0., 0., 0., 0., 0., 0., 0., 0., 0., 0., 0., 0., 0., 0., 0., 0., 0., 0., 0., 0., 0., 0., 0., 0., 0., 0., 0., 0., 0., 0., 0., 0., 0., 0., 0., 0., 0., 0., 0., 0., 0., 0., 0., 0., 0., 0., 0., 0., 0., 0., 0., 0., 0., 0., 0., 0., 0., 0., 0., 0., 0., 0., 0., 0., 0., 0., 0., 0., 0., 0., 0., 0., 0., 0., 0., 0., 0., 0., 0., 0., 0., 0., 0., 0., 0., 0., 0., 0., 0., 0., 0., 0., 0., 0., 0., 0., 0., 0., 0., 0., 0., 0., 0., 0., 0., 0., 0., 0., 0., 0., 0., 0., 0., 0., 0., 0., 0., 0., 0., 0., 0., 0., 0., 0., 0., 0., 0., 0., 0., 0., 0., 0., 0., 0., 0., 0., 0., 0., 0., 0., 0., 0., 0., 0., 0., 0., 0., 0., 0., 0., 0., 0., 0., 0., 0., 0., 0., 0., 0., 0., 0., 0., 0., 0., 0., 0., 0., 0., 0., 0., 0., 0., 0., 0., 0., 0., 0., 0., 0., 0., 0., 0., 0., 0., 0., 0., 0., 0., 0., 0., 0., 0., 0., 0., 0., 0., 0., 0., 0., 0., 0., 0., 0., 0., 0., 0., 0., 0., 0., 0., 0., 0., 0., 0., 0., 0., 0., 0., 0., 0., 0., 0., 0., 0., 0., 0., 0., 0., 0., 0., 0., 0., 0., 0., 0., 0., 0., 0., 0., 0., 0., 0., 0., 0., 0., 0., 0., 0., 0., 0., 0., 0., 0., 0., 0., 0., 0., 0., 0., 0., 0., 0., 0., 0., 0., 0., 0., 0., 0., 0., 0., 0., 0., 0., 0., 0., 0., 0., 0., 0., 0., 0., 0., 0., 0., 0., 0., 0., 0., 0., 0., 0., 0., 0., 0., 0., 0., 0., 0., 0., 0., 0., 0., 0., 0., 0., 0., 0., 0., 0., 0., 0., 0., 0., 0., 0., 0., 0., 0., 0., 0., 0., 0., 0., 0., 0., 0., 0., 0., 0., 0., 0., 0., 0., 0., 0., 0., 0., 0., 0., 0., 0., 0., 0., 0., 0.], [  0.,   1.,   2.,   3.,   4.,   5.,   6.,   7.,   8.,   9.,  10.,  11.,  12.,  13.,  14.,  15.,  16.,  17.,  18.,  19.,  20.,  21.,  22.,  23.,  24.,  25.,  26.,  27.,  28.,  29.,  30.,  31.,  32.,  33.,  34.,  35.,  36.,  37.,  38.,  39.,  40.,  41.,  42.,  43.,  44.,  45.,  46.,  47.,  48.,  49.,  50.,  51.,  52.,  53.,  54.,  55.,  56.,  57.,  58.,  59.,  60.,  61.,  62.,  63.,  64.,  65.,  66.,  67.,  68.,  69.,  70.,  71.,  72.,  73.,  74.,  75.,  76.,  77.,  78.,  79.,  80.,  81.,  82.,  83.,  84.,  85.,  86.,  87.,  88.,  89.,  90.,  91.,  92.,  93.,  94.,  95.,  96.,  97.,  98.,  99., 100., 101., 102., 103., 104., 105., 106., 107., 108., 109., 110., 111., 112., 113., 114., 115., 116., 117., 118., 119., 120., 121., 122., 123., 124., 125., 126., 127., 128., 129., 130., 131., 132., 133., 134., 135., 136., 137., 138., 139., 140., 141., 142., 143., 144., 145., 146., 147., 148., 149., 150., 151., 152., 153., 154., 155., 156., 157., 158., 159., 160., 161., 162., 163., 164., 165., 166., 167., 168., 169., 170., 171., 172., 173., 174., 175., 176., 177., 178., 179., 180., 181., 182., 183., 184., 185., 186., 187., 188., 189., 190., 191., 192., 193., 194., 195., 196., 197., 198., 199.])]
INFO:root:----------Headers binary table data----------
INFO:root:Headers bin table
